#
# There is insufficient memory for the Java Runtime Environment to continue.
# Native memory allocation (malloc) failed to allocate 131088 bytes. Error detail: Chunk::new
# Possible reasons:
#   The system is out of physical RAM or swap space
#   This process is running with CompressedOops enabled, and the Java Heap may be blocking the growth of the native heap
# Possible solutions:
#   Reduce memory load on the system
#   Increase physical memory or swap space
#   Check if swap backing store is full
#   Decrease Java heap size (-Xmx/-Xms)
#   Decrease number of Java threads
#   Decrease Java thread stack sizes (-Xss)
#   Set larger code cache with -XX:ReservedCodeCacheSize=
#   JVM is running with Unscaled Compressed Oops mode in which the Java heap is
#     placed in the first 4GB address space. The Java Heap base address is the
#     maximum limit for the native heap growth. Please use -XX:HeapBaseMinAddress
#     to set the Java Heap base and to place the Java Heap above 4GB virtual address.
# This output file may be truncated or incomplete.
#
#  Out of Memory Error (arena.cpp:168), pid=9288, tid=21100
#
# JRE version: OpenJDK Runtime Environment Temurin-21.0.7+6 (21.0.7+6) (build 21.0.7+6-LTS)
# Java VM: OpenJDK 64-Bit Server VM Temurin-21.0.7+6 (21.0.7+6-LTS, mixed mode, sharing, tiered, compressed oops, compressed class ptrs, parallel gc, windows-amd64)
# No core dump will be written. Minidumps are not enabled by default on client versions of Windows
#

---------------  S U M M A R Y ------------

Command Line: --add-modules=ALL-SYSTEM --add-opens=java.base/java.util=ALL-UNNAMED --add-opens=java.base/java.lang=ALL-UNNAMED --add-opens=java.base/sun.nio.fs=ALL-UNNAMED -Declipse.application=org.eclipse.jdt.ls.core.id1 -Dosgi.bundles.defaultStartLevel=4 -Declipse.product=org.eclipse.jdt.ls.core.product -Djava.import.generatesMetadataFilesAtProjectRoot=false -DDetectVMInstallationsJob.disabled=true -Dfile.encoding=utf8 -XX:+UseParallelGC -XX:GCTimeRatio=4 -XX:AdaptiveSizePolicyWeight=90 -Dsun.zip.disableMemoryMapping=true -Xmx1G -Xms100m -Xlog:disable -javaagent:c:\Users\aswin\.vscode\extensions\redhat.java-1.42.0-win32-x64\lombok\lombok-1.18.36.jar -XX:+HeapDumpOnOutOfMemoryError -XX:HeapDumpPath=c:\Users\aswin\AppData\Roaming\Code\User\workspaceStorage\9275dcea1b62fe78d95fcedbb351aeb5\redhat.java -Daether.dependencyCollector.impl=bf c:\Users\aswin\.vscode\extensions\redhat.java-1.42.0-win32-x64\server\plugins\org.eclipse.equinox.launcher_1.7.0.v20250424-1814.jar -configuration c:\Users\aswin\AppData\Roaming\Code\User\globalStorage\redhat.java\1.42.0\config_win -data c:\Users\aswin\AppData\Roaming\Code\User\workspaceStorage\9275dcea1b62fe78d95fcedbb351aeb5\redhat.java\jdt_ws --pipe=\\.\pipe\lsp-c19e221f9d2cb406115423d2d1a9e0ab-sock

Host: Intel(R) Core(TM) i5-10300H CPU @ 2.50GHz, 8 cores, 7G,  Windows 11 , 64 bit Build 26100 (10.0.26100.4202)
Time: Sat Jun  7 10:49:56 2025 India Standard Time elapsed time: 33.378977 seconds (0d 0h 0m 33s)

---------------  T H R E A D  ---------------

Current thread (0x000002cde70dce50):  JavaThread "C2 CompilerThread1" daemon [_thread_in_native, id=21100, stack(0x000000e652c00000,0x000000e652d00000) (1024K)]


Current CompileTask:
C2:33379 8085   !   4       org.codehaus.plexus.interpolation.ObjectBasedValueSource::getValue (66 bytes)

Stack: [0x000000e652c00000,0x000000e652d00000]
Native frames: (J=compiled Java code, j=interpreted, Vv=VM code, C=native code)
V  [jvm.dll+0x6ce119]
V  [jvm.dll+0x8a84a1]
V  [jvm.dll+0x8aa9ce]
V  [jvm.dll+0x8ab0b3]
V  [jvm.dll+0x27f8a6]
V  [jvm.dll+0xc507d]
V  [jvm.dll+0xc55b3]
V  [jvm.dll+0xc51a5]
V  [jvm.dll+0x6a96fc]
V  [jvm.dll+0x65bd14]
V  [jvm.dll+0x247975]
V  [jvm.dll+0x2470cf]
V  [jvm.dll+0x1c760e]
V  [jvm.dll+0x25695a]
V  [jvm.dll+0x254efa]
V  [jvm.dll+0x3f03f6]
V  [jvm.dll+0x851f6b]
V  [jvm.dll+0x6cc7dd]
C  [ucrtbase.dll+0x37b0]
C  [KERNEL32.DLL+0x2e8d7]
C  [ntdll.dll+0x3c34c]


---------------  P R O C E S S  ---------------

Threads class SMR info:
_java_thread_list=0x000002cde73ca510, length=45, elements={
0x000002cd8770a7f0, 0x000002cd89a9a6c0, 0x000002cd89a9da40, 0x000002cd9dd952e0,
0x000002cd9dd961e0, 0x000002cd9dd9a0e0, 0x000002cd9dda2d20, 0x000002cd9dda9870,
0x000002cd9ddabc40, 0x000002cde082ff40, 0x000002cde0a74c00, 0x000002cde5857e20,
0x000002cde57b4a60, 0x000002cde59902a0, 0x000002cde5990900, 0x000002cde5aeda60,
0x000002cde5f67400, 0x000002cde5f1d4b0, 0x000002cde5f1e860, 0x000002cde5f1eef0,
0x000002cde5f1fc10, 0x000002cde5f202a0, 0x000002cde5f1ce20, 0x000002cde5f1db40,
0x000002cde64e7980, 0x000002cde64e65d0, 0x000002cde64e4b90, 0x000002cde64e5220,
0x000002cde64e4500, 0x000002cde64e5f40, 0x000002cde64e86a0, 0x000002cde64e8d30,
0x000002cde64e72f0, 0x000002cde64e58b0, 0x000002cde64e9a50, 0x000002cde64e8010,
0x000002cde64e93c0, 0x000002cde64ea0e0, 0x000002cdea978090, 0x000002cdea97a7f0,
0x000002cdea979440, 0x000002cdea97a160, 0x000002cdea978db0, 0x000002cde70dce50,
0x000002cde5f67a60
}

Java Threads: ( => current thread )
  0x000002cd8770a7f0 JavaThread "main"                              [_thread_blocked, id=10488, stack(0x000000e651000000,0x000000e651100000) (1024K)]
  0x000002cd89a9a6c0 JavaThread "Reference Handler"          daemon [_thread_blocked, id=3244, stack(0x000000e651400000,0x000000e651500000) (1024K)]
  0x000002cd89a9da40 JavaThread "Finalizer"                  daemon [_thread_blocked, id=4404, stack(0x000000e651500000,0x000000e651600000) (1024K)]
  0x000002cd9dd952e0 JavaThread "Signal Dispatcher"          daemon [_thread_blocked, id=9476, stack(0x000000e651600000,0x000000e651700000) (1024K)]
  0x000002cd9dd961e0 JavaThread "Attach Listener"            daemon [_thread_blocked, id=20920, stack(0x000000e651700000,0x000000e651800000) (1024K)]
  0x000002cd9dd9a0e0 JavaThread "Service Thread"             daemon [_thread_blocked, id=11452, stack(0x000000e651800000,0x000000e651900000) (1024K)]
  0x000002cd9dda2d20 JavaThread "Monitor Deflation Thread"   daemon [_thread_blocked, id=7676, stack(0x000000e651900000,0x000000e651a00000) (1024K)]
  0x000002cd9dda9870 JavaThread "C2 CompilerThread0"         daemon [_thread_in_native, id=21264, stack(0x000000e651a00000,0x000000e651b00000) (1024K)]
  0x000002cd9ddabc40 JavaThread "C1 CompilerThread0"         daemon [_thread_in_native, id=16668, stack(0x000000e651b00000,0x000000e651c00000) (1024K)]
  0x000002cde082ff40 JavaThread "Common-Cleaner"             daemon [_thread_blocked, id=21352, stack(0x000000e651c00000,0x000000e651d00000) (1024K)]
  0x000002cde0a74c00 JavaThread "Notification Thread"        daemon [_thread_blocked, id=18304, stack(0x000000e651e00000,0x000000e651f00000) (1024K)]
  0x000002cde5857e20 JavaThread "Active Thread: Equinox Container: 8f854c91-6e99-474e-930b-303a6501c328"        [_thread_in_Java, id=9080, stack(0x000000e652600000,0x000000e652700000) (1024K)]
  0x000002cde57b4a60 JavaThread "Refresh Thread: Equinox Container: 8f854c91-6e99-474e-930b-303a6501c328" daemon [_thread_blocked, id=20812, stack(0x000000e651f00000,0x000000e652000000) (1024K)]
  0x000002cde59902a0 JavaThread "Framework Event Dispatcher: Equinox Container: 8f854c91-6e99-474e-930b-303a6501c328" daemon [_thread_blocked, id=14140, stack(0x000000e652800000,0x000000e652900000) (1024K)]
  0x000002cde5990900 JavaThread "Start Level: Equinox Container: 8f854c91-6e99-474e-930b-303a6501c328" daemon [_thread_blocked, id=13680, stack(0x000000e652900000,0x000000e652a00000) (1024K)]
  0x000002cde5aeda60 JavaThread "Bundle File Closer"         daemon [_thread_blocked, id=6272, stack(0x000000e652b00000,0x000000e652c00000) (1024K)]
  0x000002cde5f67400 JavaThread "SCR Component Actor"        daemon [_thread_blocked, id=20716, stack(0x000000e652a00000,0x000000e652b00000) (1024K)]
  0x000002cde5f1d4b0 JavaThread "Worker-JM"                         [_thread_blocked, id=14448, stack(0x000000e651d00000,0x000000e651e00000) (1024K)]
  0x000002cde5f1e860 JavaThread "Worker-0"                          [_thread_blocked, id=6044, stack(0x000000e652d00000,0x000000e652e00000) (1024K)]
  0x000002cde5f1eef0 JavaThread "Worker-1"                          [_thread_blocked, id=20448, stack(0x000000e652e00000,0x000000e652f00000) (1024K)]
  0x000002cde5f1fc10 JavaThread "Worker-2"                          [_thread_blocked, id=7296, stack(0x000000e653100000,0x000000e653200000) (1024K)]
  0x000002cde5f202a0 JavaThread "Java indexing"              daemon [_thread_blocked, id=12428, stack(0x000000e653000000,0x000000e653100000) (1024K)]
  0x000002cde5f1ce20 JavaThread "Worker-3: Initialize Workspace"        [_thread_blocked, id=17356, stack(0x000000e653200000,0x000000e653300000) (1024K)]
  0x000002cde5f1db40 JavaThread "JNA Cleaner"                daemon [_thread_blocked, id=10936, stack(0x000000e653400000,0x000000e653500000) (1024K)]
  0x000002cde64e7980 JavaThread "Worker-4"                          [_thread_blocked, id=7716, stack(0x000000e653700000,0x000000e653800000) (1024K)]
  0x000002cde64e65d0 JavaThread "Worker-5"                          [_thread_blocked, id=11044, stack(0x000000e653800000,0x000000e653900000) (1024K)]
  0x000002cde64e4b90 JavaThread "Thread-2"                   daemon [_thread_in_native, id=19592, stack(0x000000e653900000,0x000000e653a00000) (1024K)]
  0x000002cde64e5220 JavaThread "Thread-3"                   daemon [_thread_in_native, id=21420, stack(0x000000e653a00000,0x000000e653b00000) (1024K)]
  0x000002cde64e4500 JavaThread "Thread-4"                   daemon [_thread_in_native, id=10660, stack(0x000000e653b00000,0x000000e653c00000) (1024K)]
  0x000002cde64e5f40 JavaThread "Thread-5"                   daemon [_thread_in_native, id=3316, stack(0x000000e653c00000,0x000000e653d00000) (1024K)]
  0x000002cde64e86a0 JavaThread "Thread-6"                   daemon [_thread_in_native, id=20872, stack(0x000000e653d00000,0x000000e653e00000) (1024K)]
  0x000002cde64e8d30 JavaThread "Thread-7"                   daemon [_thread_in_native, id=17724, stack(0x000000e653e00000,0x000000e653f00000) (1024K)]
  0x000002cde64e72f0 JavaThread "Thread-8"                   daemon [_thread_in_native, id=7068, stack(0x000000e653f00000,0x000000e654000000) (1024K)]
  0x000002cde64e58b0 JavaThread "Thread-9"                   daemon [_thread_in_native, id=15176, stack(0x000000e654000000,0x000000e654100000) (1024K)]
  0x000002cde64e9a50 JavaThread "Thread-10"                  daemon [_thread_in_native, id=12664, stack(0x000000e654100000,0x000000e654200000) (1024K)]
  0x000002cde64e8010 JavaThread "pool-2-thread-1"                   [_thread_blocked, id=18104, stack(0x000000e654200000,0x000000e654300000) (1024K)]
  0x000002cde64e93c0 JavaThread "WorkspaceEventsHandler"            [_thread_blocked, id=18352, stack(0x000000e654300000,0x000000e654400000) (1024K)]
  0x000002cde64ea0e0 JavaThread "pool-1-thread-1"                   [_thread_blocked, id=15492, stack(0x000000e654400000,0x000000e654500000) (1024K)]
  0x000002cdea978090 JavaThread "ParallelDescriptorResolver-1-0" daemon [_thread_blocked, id=3464, stack(0x000000e652f00000,0x000000e653000000) (1024K)]
  0x000002cdea97a7f0 JavaThread "ParallelDescriptorResolver-1-1" daemon [_thread_in_native, id=9588, stack(0x000000e653300000,0x000000e653400000) (1024K)]
  0x000002cdea979440 JavaThread "ParallelDescriptorResolver-1-2" daemon [_thread_in_native, id=2888, stack(0x000000e654500000,0x000000e654600000) (1024K)]
  0x000002cdea97a160 JavaThread "ParallelDescriptorResolver-1-3" daemon [_thread_in_vm, id=2840, stack(0x000000e654600000,0x000000e654700000) (1024K)]
  0x000002cdea978db0 JavaThread "ParallelDescriptorResolver-1-4" daemon [_thread_blocked, id=18688, stack(0x000000e654700000,0x000000e654800000) (1024K)]
=>0x000002cde70dce50 JavaThread "C2 CompilerThread1"         daemon [_thread_in_native, id=21100, stack(0x000000e652c00000,0x000000e652d00000) (1024K)]
  0x000002cde5f67a60 JavaThread "C2 CompilerThread2"         daemon [_thread_in_native, id=15664, stack(0x000000e650e00000,0x000000e650f00000) (1024K)]
Total: 45

Other Threads:
  0x000002cd89a7f890 VMThread "VM Thread"                           [id=18464, stack(0x000000e651300000,0x000000e651400000) (1024K)]
  0x000002cd9dcaca00 WatcherThread "VM Periodic Task Thread"        [id=17056, stack(0x000000e651200000,0x000000e651300000) (1024K)]
  0x000002cd899fa720 WorkerThread "GC Thread#0"                     [id=16612, stack(0x000000e651100000,0x000000e651200000) (1024K)]
  0x000002cde56776b0 WorkerThread "GC Thread#1"                     [id=17844, stack(0x000000e652000000,0x000000e652100000) (1024K)]
  0x000002cde5677a50 WorkerThread "GC Thread#2"                     [id=12440, stack(0x000000e652100000,0x000000e652200000) (1024K)]
  0x000002cde5677df0 WorkerThread "GC Thread#3"                     [id=17796, stack(0x000000e652200000,0x000000e652300000) (1024K)]
  0x000002cde510a190 WorkerThread "GC Thread#4"                     [id=10288, stack(0x000000e652300000,0x000000e652400000) (1024K)]
  0x000002cde510a530 WorkerThread "GC Thread#5"                     [id=7748, stack(0x000000e652400000,0x000000e652500000) (1024K)]
  0x000002cde510a8d0 WorkerThread "GC Thread#6"                     [id=11660, stack(0x000000e652500000,0x000000e652600000) (1024K)]
  0x000002cde59dc5a0 WorkerThread "GC Thread#7"                     [id=19528, stack(0x000000e652700000,0x000000e652800000) (1024K)]
Total: 10

Threads with active compile tasks:
C2 CompilerThread0  34124 8084       4       org.codehaus.plexus.interpolation.reflection.ReflectionValueExtractor::evaluate (242 bytes)
C1 CompilerThread0  34124 8156       3       org.eclipse.osgi.framework.util.FilePath::computeSegmentCount (90 bytes)
C2 CompilerThread1  34124 8085   !   4       org.codehaus.plexus.interpolation.ObjectBasedValueSource::getValue (66 bytes)
C2 CompilerThread2  34124 8095   !   4       org.codehaus.plexus.interpolation.reflection.ReflectionValueExtractor::getPropertyValue (114 bytes)
Total: 4

VM state: not at safepoint (normal execution)

VM Mutex/Monitor currently owned by a thread: None

Heap address: 0x00000000c0000000, size: 1024 MB, Compressed Oops mode: 32-bit

CDS archive(s) mapped at: [0x000002cd9e000000-0x000002cd9eba0000-0x000002cd9eba0000), size 12189696, SharedBaseAddress: 0x000002cd9e000000, ArchiveRelocationMode: 1.
Compressed class space mapped at: 0x000002cd9f000000-0x000002cddf000000, reserved size: 1073741824
Narrow klass base: 0x000002cd9e000000, Narrow klass shift: 0, Narrow klass range: 0x100000000

GC Precious Log:
 CardTable entry size: 512
 CPUs: 8 total, 8 available
 Memory: 8029M
 Large Page Support: Disabled
 NUMA Support: Disabled
 Compressed Oops: Enabled (32-bit)
 Alignments: Space 512K, Generation 512K, Heap 2M
 Heap Min Capacity: 100M
 Heap Initial Capacity: 100M
 Heap Max Capacity: 1G
 Pre-touch: Disabled
 Parallel Workers: 8

Heap:
 PSYoungGen      total 20992K, used 9823K [0x00000000eab00000, 0x00000000ec280000, 0x0000000100000000)
  eden space 19456K, 44% used [0x00000000eab00000,0x00000000eb367ce8,0x00000000ebe00000)
  from space 1536K, 79% used [0x00000000ebe00000,0x00000000ebf30000,0x00000000ebf80000)
  to   space 2048K, 0% used [0x00000000ec080000,0x00000000ec080000,0x00000000ec280000)
 ParOldGen       total 68608K, used 32198K [0x00000000c0000000, 0x00000000c4300000, 0x00000000eab00000)
  object space 68608K, 46% used [0x00000000c0000000,0x00000000c1f71968,0x00000000c4300000)
 Metaspace       used 49632K, committed 50880K, reserved 1114112K
  class space    used 5250K, committed 5760K, reserved 1048576K

Card table byte_map: [0x000002cd89380000,0x000002cd89590000] _byte_map_base: 0x000002cd88d80000

Marking Bits: (ParMarkBitMap*) 0x00007ff8f6a631f0
 Begin Bits: [0x000002cd9bbd0000, 0x000002cd9cbd0000)
 End Bits:   [0x000002cd9cbd0000, 0x000002cd9dbd0000)

Polling page: 0x000002cd87870000

Metaspace:

Usage:
  Non-class:     43.34 MB used.
      Class:      5.13 MB used.
       Both:     48.47 MB used.

Virtual space:
  Non-class space:       64.00 MB reserved,      44.06 MB ( 69%) committed,  1 nodes.
      Class space:        1.00 GB reserved,       5.62 MB ( <1%) committed,  1 nodes.
             Both:        1.06 GB reserved,      49.69 MB (  5%) committed. 

Chunk freelists:
   Non-Class:  3.36 MB
       Class:  10.26 MB
        Both:  13.62 MB

MaxMetaspaceSize: unlimited
CompressedClassSpaceSize: 1.00 GB
Initial GC threshold: 21.00 MB
Current GC threshold: 58.38 MB
CDS: on
 - commit_granule_bytes: 65536.
 - commit_granule_words: 8192.
 - virtual_space_node_default_size: 8388608.
 - enlarge_chunks_in_place: 1.
 - use_allocation_guard: 0.


Internal statistics:

num_allocs_failed_limit: 6.
num_arena_births: 900.
num_arena_deaths: 22.
num_vsnodes_births: 2.
num_vsnodes_deaths: 0.
num_space_committed: 795.
num_space_uncommitted: 0.
num_chunks_returned_to_freelist: 32.
num_chunks_taken_from_freelist: 3115.
num_chunk_merges: 14.
num_chunk_splits: 1952.
num_chunks_enlarged: 1156.
num_inconsistent_stats: 0.

CodeHeap 'non-profiled nmethods': size=120000Kb used=4527Kb max_used=4527Kb free=115472Kb
 bounds [0x000002cd946a0000, 0x000002cd94b10000, 0x000002cd9bbd0000]
CodeHeap 'profiled nmethods': size=120000Kb used=16242Kb max_used=16242Kb free=103757Kb
 bounds [0x000002cd8cbd0000, 0x000002cd8dbb0000, 0x000002cd94100000]
CodeHeap 'non-nmethods': size=5760Kb used=1365Kb max_used=1459Kb free=4394Kb
 bounds [0x000002cd94100000, 0x000002cd94370000, 0x000002cd946a0000]
 total_blobs=8219 nmethods=7556 adapters=569
 compilation: enabled
              stopped_count=0, restarted_count=0
 full_count=0

Compilation events (20 events):
Event: 28.454 Thread 0x000002cd9ddabc40 8112       3       org.eclipse.aether.util.version.GenericVersion$Item::<init> (15 bytes)
Event: 28.454 Thread 0x000002cd9ddabc40 nmethod 8112 0x000002cd8db8fa10 code [0x000002cd8db8fbc0, 0x000002cd8db8fd48]
Event: 28.457 Thread 0x000002cd9ddabc40 8113   !   3       org.eclipse.aether.util.version.GenericVersion$Tokenizer::toItem (285 bytes)
Event: 29.308 Thread 0x000002cd9ddabc40 nmethod 8113 0x000002cd8db8fe10 code [0x000002cd8db90240, 0x000002cd8db92080]
Event: 29.308 Thread 0x000002cd9ddabc40 8122       3       org.apache.maven.repository.internal.DefaultVersionResolver$Key::<init> (336 bytes)
Event: 29.309 Thread 0x000002cd9ddabc40 nmethod 8122 0x000002cd8db92c10 code [0x000002cd8db92f60, 0x000002cd8db942b8]
Event: 29.310 Thread 0x000002cd9ddabc40 8119       3       org.apache.maven.model.interpolation.StringVisitorModelInterpolator$ModelVisitor::visit (84 bytes)
Event: 29.311 Thread 0x000002cd9ddabc40 nmethod 8119 0x000002cd8db94a90 code [0x000002cd8db94d20, 0x000002cd8db95ac0]
Event: 29.312 Thread 0x000002cd9ddabc40 8120       3       org.apache.maven.model.PatternSet::getIncludes (23 bytes)
Event: 29.312 Thread 0x000002cd9ddabc40 nmethod 8120 0x000002cd8db95f90 code [0x000002cd8db96160, 0x000002cd8db964b0]
Event: 29.312 Thread 0x000002cd9ddabc40 8121       3       org.apache.maven.model.PatternSet::getExcludes (23 bytes)
Event: 29.313 Thread 0x000002cd9ddabc40 nmethod 8121 0x000002cd8db96610 code [0x000002cd8db967e0, 0x000002cd8db96b30]
Event: 29.313 Thread 0x000002cd9ddabc40 8114       3       sun.nio.ch.FileLockTable::<init> (29 bytes)
Event: 29.313 Thread 0x000002cd9ddabc40 nmethod 8114 0x000002cd8db96c90 code [0x000002cd8db96ea0, 0x000002cd8db97598]
Event: 29.313 Thread 0x000002cd9ddabc40 8115       3       sun.nio.ch.FileLockTable$FileLockReference::<init> (12 bytes)
Event: 29.314 Thread 0x000002cd9ddabc40 nmethod 8115 0x000002cd8db97890 code [0x000002cd8db97a40, 0x000002cd8db97d08]
Event: 29.314 Thread 0x000002cd9ddabc40 8116   !   3       sun.nio.ch.FileLockTable::removeStaleEntries (71 bytes)
Event: 29.314 Thread 0x000002cd9ddabc40 nmethod 8116 0x000002cd8db97e10 code [0x000002cd8db98020, 0x000002cd8db98778]
Event: 29.314 Thread 0x000002cd9ddabc40 8118       3       org.apache.maven.model.Reporting::getLocation (176 bytes)
Event: 29.315 Thread 0x000002cd9ddabc40 nmethod 8118 0x000002cd8db98a10 code [0x000002cd8db98ca0, 0x000002cd8db99958]

GC Heap History (20 events):
Event: 8.167 GC heap before
{Heap before GC invocations=18 (full 2):
 PSYoungGen      total 23040K, used 22976K [0x00000000eab00000, 0x00000000ec700000, 0x0000000100000000)
  eden space 22016K, 100% used [0x00000000eab00000,0x00000000ec080000,0x00000000ec080000)
  from space 1024K, 93% used [0x00000000ec500000,0x00000000ec5f0000,0x00000000ec600000)
  to   space 1024K, 0% used [0x00000000ec600000,0x00000000ec600000,0x00000000ec700000)
 ParOldGen       total 68608K, used 18464K [0x00000000c0000000, 0x00000000c4300000, 0x00000000eab00000)
  object space 68608K, 26% used [0x00000000c0000000,0x00000000c1208298,0x00000000c4300000)
 Metaspace       used 39426K, committed 40576K, reserved 1114112K
  class space    used 4129K, committed 4608K, reserved 1048576K
}
Event: 8.170 GC heap after
{Heap after GC invocations=18 (full 2):
 PSYoungGen      total 23040K, used 1024K [0x00000000eab00000, 0x00000000ec700000, 0x0000000100000000)
  eden space 22016K, 0% used [0x00000000eab00000,0x00000000eab00000,0x00000000ec080000)
  from space 1024K, 100% used [0x00000000ec600000,0x00000000ec700000,0x00000000ec700000)
  to   space 2560K, 0% used [0x00000000ec200000,0x00000000ec200000,0x00000000ec480000)
 ParOldGen       total 68608K, used 19392K [0x00000000c0000000, 0x00000000c4300000, 0x00000000eab00000)
  object space 68608K, 28% used [0x00000000c0000000,0x00000000c12f02b8,0x00000000c4300000)
 Metaspace       used 39426K, committed 40576K, reserved 1114112K
  class space    used 4129K, committed 4608K, reserved 1048576K
}
Event: 8.724 GC heap before
{Heap before GC invocations=19 (full 2):
 PSYoungGen      total 23040K, used 23040K [0x00000000eab00000, 0x00000000ec700000, 0x0000000100000000)
  eden space 22016K, 100% used [0x00000000eab00000,0x00000000ec080000,0x00000000ec080000)
  from space 1024K, 100% used [0x00000000ec600000,0x00000000ec700000,0x00000000ec700000)
  to   space 2560K, 0% used [0x00000000ec200000,0x00000000ec200000,0x00000000ec480000)
 ParOldGen       total 68608K, used 19392K [0x00000000c0000000, 0x00000000c4300000, 0x00000000eab00000)
  object space 68608K, 28% used [0x00000000c0000000,0x00000000c12f02b8,0x00000000c4300000)
 Metaspace       used 42009K, committed 43136K, reserved 1114112K
  class space    used 4477K, committed 4928K, reserved 1048576K
}
Event: 8.727 GC heap after
{Heap after GC invocations=19 (full 2):
 PSYoungGen      total 24576K, used 1408K [0x00000000eab00000, 0x00000000ec680000, 0x0000000100000000)
  eden space 22016K, 0% used [0x00000000eab00000,0x00000000eab00000,0x00000000ec080000)
  from space 2560K, 55% used [0x00000000ec200000,0x00000000ec360000,0x00000000ec480000)
  to   space 2048K, 0% used [0x00000000ec480000,0x00000000ec480000,0x00000000ec680000)
 ParOldGen       total 68608K, used 20391K [0x00000000c0000000, 0x00000000c4300000, 0x00000000eab00000)
  object space 68608K, 29% used [0x00000000c0000000,0x00000000c13e9fb8,0x00000000c4300000)
 Metaspace       used 42009K, committed 43136K, reserved 1114112K
  class space    used 4477K, committed 4928K, reserved 1048576K
}
Event: 9.289 GC heap before
{Heap before GC invocations=20 (full 2):
 PSYoungGen      total 24576K, used 23424K [0x00000000eab00000, 0x00000000ec680000, 0x0000000100000000)
  eden space 22016K, 100% used [0x00000000eab00000,0x00000000ec080000,0x00000000ec080000)
  from space 2560K, 55% used [0x00000000ec200000,0x00000000ec360000,0x00000000ec480000)
  to   space 2048K, 0% used [0x00000000ec480000,0x00000000ec480000,0x00000000ec680000)
 ParOldGen       total 68608K, used 20391K [0x00000000c0000000, 0x00000000c4300000, 0x00000000eab00000)
  object space 68608K, 29% used [0x00000000c0000000,0x00000000c13e9fb8,0x00000000c4300000)
 Metaspace       used 44567K, committed 45760K, reserved 1114112K
  class space    used 4756K, committed 5248K, reserved 1048576K
}
Event: 9.295 GC heap after
{Heap after GC invocations=20 (full 2):
 PSYoungGen      total 23552K, used 1209K [0x00000000eab00000, 0x00000000ec600000, 0x0000000100000000)
  eden space 22016K, 0% used [0x00000000eab00000,0x00000000eab00000,0x00000000ec080000)
  from space 1536K, 78% used [0x00000000ec480000,0x00000000ec5ae580,0x00000000ec600000)
  to   space 1536K, 0% used [0x00000000ec300000,0x00000000ec300000,0x00000000ec480000)
 ParOldGen       total 68608K, used 21599K [0x00000000c0000000, 0x00000000c4300000, 0x00000000eab00000)
  object space 68608K, 31% used [0x00000000c0000000,0x00000000c1517fd8,0x00000000c4300000)
 Metaspace       used 44567K, committed 45760K, reserved 1114112K
  class space    used 4756K, committed 5248K, reserved 1048576K
}
Event: 9.728 GC heap before
{Heap before GC invocations=21 (full 2):
 PSYoungGen      total 23552K, used 23225K [0x00000000eab00000, 0x00000000ec600000, 0x0000000100000000)
  eden space 22016K, 100% used [0x00000000eab00000,0x00000000ec080000,0x00000000ec080000)
  from space 1536K, 78% used [0x00000000ec480000,0x00000000ec5ae580,0x00000000ec600000)
  to   space 1536K, 0% used [0x00000000ec300000,0x00000000ec300000,0x00000000ec480000)
 ParOldGen       total 68608K, used 21599K [0x00000000c0000000, 0x00000000c4300000, 0x00000000eab00000)
  object space 68608K, 31% used [0x00000000c0000000,0x00000000c1517fd8,0x00000000c4300000)
 Metaspace       used 45629K, committed 46784K, reserved 1114112K
  class space    used 4864K, committed 5376K, reserved 1048576K
}
Event: 9.731 GC heap after
{Heap after GC invocations=21 (full 2):
 PSYoungGen      total 23552K, used 1136K [0x00000000eab00000, 0x00000000ec500000, 0x0000000100000000)
  eden space 22016K, 0% used [0x00000000eab00000,0x00000000eab00000,0x00000000ec080000)
  from space 1536K, 73% used [0x00000000ec300000,0x00000000ec41c010,0x00000000ec480000)
  to   space 512K, 0% used [0x00000000ec480000,0x00000000ec480000,0x00000000ec500000)
 ParOldGen       total 68608K, used 22621K [0x00000000c0000000, 0x00000000c4300000, 0x00000000eab00000)
  object space 68608K, 32% used [0x00000000c0000000,0x00000000c1617750,0x00000000c4300000)
 Metaspace       used 45629K, committed 46784K, reserved 1114112K
  class space    used 4864K, committed 5376K, reserved 1048576K
}
Event: 11.286 GC heap before
{Heap before GC invocations=22 (full 2):
 PSYoungGen      total 23552K, used 23152K [0x00000000eab00000, 0x00000000ec500000, 0x0000000100000000)
  eden space 22016K, 100% used [0x00000000eab00000,0x00000000ec080000,0x00000000ec080000)
  from space 1536K, 73% used [0x00000000ec300000,0x00000000ec41c010,0x00000000ec480000)
  to   space 512K, 0% used [0x00000000ec480000,0x00000000ec480000,0x00000000ec500000)
 ParOldGen       total 68608K, used 22621K [0x00000000c0000000, 0x00000000c4300000, 0x00000000eab00000)
  object space 68608K, 32% used [0x00000000c0000000,0x00000000c1617750,0x00000000c4300000)
 Metaspace       used 47142K, committed 48320K, reserved 1114112K
  class space    used 5021K, committed 5504K, reserved 1048576K
}
Event: 11.290 GC heap after
{Heap after GC invocations=22 (full 2):
 PSYoungGen      total 22016K, used 512K [0x00000000eab00000, 0x00000000ec980000, 0x0000000100000000)
  eden space 21504K, 0% used [0x00000000eab00000,0x00000000eab00000,0x00000000ec000000)
  from space 512K, 100% used [0x00000000ec480000,0x00000000ec500000,0x00000000ec500000)
  to   space 4608K, 0% used [0x00000000ec000000,0x00000000ec000000,0x00000000ec480000)
 ParOldGen       total 68608K, used 26029K [0x00000000c0000000, 0x00000000c4300000, 0x00000000eab00000)
  object space 68608K, 37% used [0x00000000c0000000,0x00000000c196b748,0x00000000c4300000)
 Metaspace       used 47142K, committed 48320K, reserved 1114112K
  class space    used 5021K, committed 5504K, reserved 1048576K
}
Event: 12.375 GC heap before
{Heap before GC invocations=23 (full 2):
 PSYoungGen      total 22016K, used 22004K [0x00000000eab00000, 0x00000000ec980000, 0x0000000100000000)
  eden space 21504K, 99% used [0x00000000eab00000,0x00000000ebffd110,0x00000000ec000000)
  from space 512K, 100% used [0x00000000ec480000,0x00000000ec500000,0x00000000ec500000)
  to   space 4608K, 0% used [0x00000000ec000000,0x00000000ec000000,0x00000000ec480000)
 ParOldGen       total 68608K, used 26029K [0x00000000c0000000, 0x00000000c4300000, 0x00000000eab00000)
  object space 68608K, 37% used [0x00000000c0000000,0x00000000c196b748,0x00000000c4300000)
 Metaspace       used 47313K, committed 48512K, reserved 1114112K
  class space    used 5024K, committed 5504K, reserved 1048576K
}
Event: 12.377 GC heap after
{Heap after GC invocations=23 (full 2):
 PSYoungGen      total 23552K, used 1792K [0x00000000eab00000, 0x00000000ec500000, 0x0000000100000000)
  eden space 21504K, 0% used [0x00000000eab00000,0x00000000eab00000,0x00000000ec000000)
  from space 2048K, 87% used [0x00000000ec000000,0x00000000ec1c0020,0x00000000ec200000)
  to   space 2560K, 0% used [0x00000000ec280000,0x00000000ec280000,0x00000000ec500000)
 ParOldGen       total 68608K, used 26493K [0x00000000c0000000, 0x00000000c4300000, 0x00000000eab00000)
  object space 68608K, 38% used [0x00000000c0000000,0x00000000c19df758,0x00000000c4300000)
 Metaspace       used 47313K, committed 48512K, reserved 1114112K
  class space    used 5024K, committed 5504K, reserved 1048576K
}
Event: 12.775 GC heap before
{Heap before GC invocations=24 (full 2):
 PSYoungGen      total 23552K, used 23296K [0x00000000eab00000, 0x00000000ec500000, 0x0000000100000000)
  eden space 21504K, 100% used [0x00000000eab00000,0x00000000ec000000,0x00000000ec000000)
  from space 2048K, 87% used [0x00000000ec000000,0x00000000ec1c0020,0x00000000ec200000)
  to   space 2560K, 0% used [0x00000000ec280000,0x00000000ec280000,0x00000000ec500000)
 ParOldGen       total 68608K, used 26493K [0x00000000c0000000, 0x00000000c4300000, 0x00000000eab00000)
  object space 68608K, 38% used [0x00000000c0000000,0x00000000c19df758,0x00000000c4300000)
 Metaspace       used 47954K, committed 49152K, reserved 1114112K
  class space    used 5089K, committed 5568K, reserved 1048576K
}
Event: 12.778 GC heap after
{Heap after GC invocations=24 (full 2):
 PSYoungGen      total 23552K, used 1648K [0x00000000eab00000, 0x00000000ec480000, 0x0000000100000000)
  eden space 21504K, 0% used [0x00000000eab00000,0x00000000eab00000,0x00000000ec000000)
  from space 2048K, 80% used [0x00000000ec280000,0x00000000ec41c020,0x00000000ec480000)
  to   space 2048K, 0% used [0x00000000ec000000,0x00000000ec000000,0x00000000ec200000)
 ParOldGen       total 68608K, used 27925K [0x00000000c0000000, 0x00000000c4300000, 0x00000000eab00000)
  object space 68608K, 40% used [0x00000000c0000000,0x00000000c1b45768,0x00000000c4300000)
 Metaspace       used 47954K, committed 49152K, reserved 1114112K
  class space    used 5089K, committed 5568K, reserved 1048576K
}
Event: 17.181 GC heap before
{Heap before GC invocations=25 (full 2):
 PSYoungGen      total 23552K, used 23152K [0x00000000eab00000, 0x00000000ec480000, 0x0000000100000000)
  eden space 21504K, 100% used [0x00000000eab00000,0x00000000ec000000,0x00000000ec000000)
  from space 2048K, 80% used [0x00000000ec280000,0x00000000ec41c020,0x00000000ec480000)
  to   space 2048K, 0% used [0x00000000ec000000,0x00000000ec000000,0x00000000ec200000)
 ParOldGen       total 68608K, used 27925K [0x00000000c0000000, 0x00000000c4300000, 0x00000000eab00000)
  object space 68608K, 40% used [0x00000000c0000000,0x00000000c1b45768,0x00000000c4300000)
 Metaspace       used 48652K, committed 49920K, reserved 1114112K
  class space    used 5174K, committed 5696K, reserved 1048576K
}
Event: 17.183 GC heap after
{Heap after GC invocations=25 (full 2):
 PSYoungGen      total 23552K, used 1456K [0x00000000eab00000, 0x00000000ec400000, 0x0000000100000000)
  eden space 21504K, 0% used [0x00000000eab00000,0x00000000eab00000,0x00000000ec000000)
  from space 2048K, 71% used [0x00000000ec000000,0x00000000ec16c200,0x00000000ec200000)
  to   space 2048K, 0% used [0x00000000ec200000,0x00000000ec200000,0x00000000ec400000)
 ParOldGen       total 68608K, used 29371K [0x00000000c0000000, 0x00000000c4300000, 0x00000000eab00000)
  object space 68608K, 42% used [0x00000000c0000000,0x00000000c1caef40,0x00000000c4300000)
 Metaspace       used 48652K, committed 49920K, reserved 1114112K
  class space    used 5174K, committed 5696K, reserved 1048576K
}
Event: 24.597 GC heap before
{Heap before GC invocations=26 (full 2):
 PSYoungGen      total 23552K, used 22960K [0x00000000eab00000, 0x00000000ec400000, 0x0000000100000000)
  eden space 21504K, 100% used [0x00000000eab00000,0x00000000ec000000,0x00000000ec000000)
  from space 2048K, 71% used [0x00000000ec000000,0x00000000ec16c200,0x00000000ec200000)
  to   space 2048K, 0% used [0x00000000ec200000,0x00000000ec200000,0x00000000ec400000)
 ParOldGen       total 68608K, used 29371K [0x00000000c0000000, 0x00000000c4300000, 0x00000000eab00000)
  object space 68608K, 42% used [0x00000000c0000000,0x00000000c1caef40,0x00000000c4300000)
 Metaspace       used 49448K, committed 50688K, reserved 1114112K
  class space    used 5248K, committed 5760K, reserved 1048576K
}
Event: 24.601 GC heap after
{Heap after GC invocations=26 (full 2):
 PSYoungGen      total 21504K, used 2016K [0x00000000eab00000, 0x00000000ec800000, 0x0000000100000000)
  eden space 19456K, 0% used [0x00000000eab00000,0x00000000eab00000,0x00000000ebe00000)
  from space 2048K, 98% used [0x00000000ec200000,0x00000000ec3f8020,0x00000000ec400000)
  to   space 4096K, 0% used [0x00000000ebe00000,0x00000000ebe00000,0x00000000ec200000)
 ParOldGen       total 68608K, used 30705K [0x00000000c0000000, 0x00000000c4300000, 0x00000000eab00000)
  object space 68608K, 44% used [0x00000000c0000000,0x00000000c1dfc5b0,0x00000000c4300000)
 Metaspace       used 49448K, committed 50688K, reserved 1114112K
  class space    used 5248K, committed 5760K, reserved 1048576K
}
Event: 28.361 GC heap before
{Heap before GC invocations=27 (full 2):
 PSYoungGen      total 21504K, used 21472K [0x00000000eab00000, 0x00000000ec800000, 0x0000000100000000)
  eden space 19456K, 100% used [0x00000000eab00000,0x00000000ebe00000,0x00000000ebe00000)
  from space 2048K, 98% used [0x00000000ec200000,0x00000000ec3f8020,0x00000000ec400000)
  to   space 4096K, 0% used [0x00000000ebe00000,0x00000000ebe00000,0x00000000ec200000)
 ParOldGen       total 68608K, used 30705K [0x00000000c0000000, 0x00000000c4300000, 0x00000000eab00000)
  object space 68608K, 44% used [0x00000000c0000000,0x00000000c1dfc5b0,0x00000000c4300000)
 Metaspace       used 49593K, committed 50816K, reserved 1114112K
  class space    used 5249K, committed 5760K, reserved 1048576K
}
Event: 28.363 GC heap after
{Heap after GC invocations=27 (full 2):
 PSYoungGen      total 20992K, used 1216K [0x00000000eab00000, 0x00000000ec280000, 0x0000000100000000)
  eden space 19456K, 0% used [0x00000000eab00000,0x00000000eab00000,0x00000000ebe00000)
  from space 1536K, 79% used [0x00000000ebe00000,0x00000000ebf30000,0x00000000ebf80000)
  to   space 2048K, 0% used [0x00000000ec080000,0x00000000ec080000,0x00000000ec280000)
 ParOldGen       total 68608K, used 32198K [0x00000000c0000000, 0x00000000c4300000, 0x00000000eab00000)
  object space 68608K, 46% used [0x00000000c0000000,0x00000000c1f71968,0x00000000c4300000)
 Metaspace       used 49593K, committed 50816K, reserved 1114112K
  class space    used 5249K, committed 5760K, reserved 1048576K
}

Dll operation events (12 events):
Event: 0.018 Loaded shared library c:\Users\aswin\.vscode\extensions\redhat.java-1.42.0-win32-x64\jre\21.0.7-win32-x86_64\bin\java.dll
Event: 0.123 Loaded shared library c:\Users\aswin\.vscode\extensions\redhat.java-1.42.0-win32-x64\jre\21.0.7-win32-x86_64\bin\zip.dll
Event: 0.154 Loaded shared library C:\Users\aswin\.vscode\extensions\redhat.java-1.42.0-win32-x64\jre\21.0.7-win32-x86_64\bin\instrument.dll
Event: 0.161 Loaded shared library C:\Users\aswin\.vscode\extensions\redhat.java-1.42.0-win32-x64\jre\21.0.7-win32-x86_64\bin\net.dll
Event: 0.164 Loaded shared library C:\Users\aswin\.vscode\extensions\redhat.java-1.42.0-win32-x64\jre\21.0.7-win32-x86_64\bin\nio.dll
Event: 0.167 Loaded shared library C:\Users\aswin\.vscode\extensions\redhat.java-1.42.0-win32-x64\jre\21.0.7-win32-x86_64\bin\zip.dll
Event: 0.184 Loaded shared library C:\Users\aswin\.vscode\extensions\redhat.java-1.42.0-win32-x64\jre\21.0.7-win32-x86_64\bin\jimage.dll
Event: 0.278 Loaded shared library c:\Users\aswin\.vscode\extensions\redhat.java-1.42.0-win32-x64\jre\21.0.7-win32-x86_64\bin\verify.dll
Event: 1.885 Loaded shared library C:\Users\aswin\AppData\Roaming\Code\User\globalStorage\redhat.java\1.42.0\config_win\org.eclipse.equinox.launcher\org.eclipse.equinox.launcher.win32.win32.x86_64_1.2.1300.v20250331-1702\eclipse_11911.dll
Event: 4.131 Loaded shared library C:\Users\aswin\.vscode\extensions\redhat.java-1.42.0-win32-x64\jre\21.0.7-win32-x86_64\bin\management.dll
Event: 4.136 Loaded shared library C:\Users\aswin\.vscode\extensions\redhat.java-1.42.0-win32-x64\jre\21.0.7-win32-x86_64\bin\management_ext.dll
Event: 6.924 Loaded shared library C:\Users\aswin\AppData\Local\Temp\jna-93125226\jna7786988505279712522.dll

Deoptimization events (20 events):
Event: 23.541 Thread 0x000002cdea978db0 DEOPT PACKING pc=0x000002cd94abefc4 sp=0x000000e6547fe300
Event: 23.541 Thread 0x000002cdea978db0 DEOPT UNPACKING pc=0x000002cd94153aa2 sp=0x000000e6547fe278 mode 2
Event: 23.572 Thread 0x000002cdea978090 DEOPT PACKING pc=0x000002cd8d9e75cd sp=0x000000e652ffe0e0
Event: 23.572 Thread 0x000002cdea978090 DEOPT UNPACKING pc=0x000002cd94154242 sp=0x000000e652ffd618 mode 0
Event: 23.584 Thread 0x000002cdea979440 Uncommon trap: trap_request=0xffffff45 fr.pc=0x000002cd94a561b8 relative=0x00000000000003d8
Event: 23.584 Thread 0x000002cdea979440 Uncommon trap: reason=unstable_if action=reinterpret pc=0x000002cd94a561b8 method=java.lang.String.regionMatches(ZILjava/lang/String;II)Z @ 21 c2
Event: 23.584 Thread 0x000002cdea979440 DEOPT PACKING pc=0x000002cd94a561b8 sp=0x000000e6545fe450
Event: 23.658 Thread 0x000002cdea978db0 DEOPT PACKING pc=0x000002cd8d9e75cd sp=0x000000e6547fe3b0
Event: 24.581 Thread 0x000002cdea979440 DEOPT UNPACKING pc=0x000002cd94153aa2 sp=0x000000e6545fe3e8 mode 2
Event: 24.581 Thread 0x000002cdea978db0 DEOPT UNPACKING pc=0x000002cd94154242 sp=0x000000e6547fd8e8 mode 0
Event: 24.605 Thread 0x000002cdea978090 Uncommon trap: trap_request=0xffffff45 fr.pc=0x000002cd949b5570 relative=0x0000000000000a70
Event: 24.605 Thread 0x000002cdea978090 Uncommon trap: reason=unstable_if action=reinterpret pc=0x000002cd949b5570 method=java.util.concurrent.ConcurrentHashMap.addCount(JI)V @ 34 c2
Event: 24.605 Thread 0x000002cdea978090 DEOPT PACKING pc=0x000002cd949b5570 sp=0x000000e652ffec50
Event: 24.605 Thread 0x000002cdea978090 DEOPT UNPACKING pc=0x000002cd94153aa2 sp=0x000000e652ffeb10 mode 2
Event: 24.609 Thread 0x000002cdea978db0 DEOPT PACKING pc=0x000002cd8d9e75cd sp=0x000000e6547fe3b0
Event: 24.609 Thread 0x000002cdea978db0 DEOPT UNPACKING pc=0x000002cd94154242 sp=0x000000e6547fd8e8 mode 0
Event: 24.615 Thread 0x000002cdea978db0 Uncommon trap: trap_request=0xffffff45 fr.pc=0x000002cd947c4e14 relative=0x0000000000000154
Event: 24.615 Thread 0x000002cdea978db0 Uncommon trap: reason=unstable_if action=reinterpret pc=0x000002cd947c4e14 method=java.util.concurrent.ConcurrentHashMap.addCount(JI)V @ 7 c2
Event: 24.615 Thread 0x000002cdea978db0 DEOPT PACKING pc=0x000002cd947c4e14 sp=0x000000e6547ff170
Event: 24.615 Thread 0x000002cdea978db0 DEOPT UNPACKING pc=0x000002cd94153aa2 sp=0x000000e6547ff0b0 mode 2

Classes loaded (20 events):
Event: 9.806 Loading class java/util/ImmutableCollections$SubList
Event: 9.806 Loading class java/util/ImmutableCollections$SubList done
Event: 9.830 Loading class sun/nio/cs/ISO_8859_1$Encoder
Event: 9.830 Loading class sun/nio/cs/ISO_8859_1$Encoder done
Event: 9.830 Loading class sun/nio/cs/Surrogate$Parser
Event: 9.830 Loading class sun/nio/cs/Surrogate$Parser done
Event: 9.830 Loading class sun/nio/cs/Surrogate
Event: 9.830 Loading class sun/nio/cs/Surrogate done
Event: 9.917 Loading class java/util/stream/DistinctOps
Event: 9.918 Loading class java/util/stream/DistinctOps done
Event: 9.918 Loading class java/util/stream/DistinctOps$1
Event: 9.918 Loading class java/util/stream/DistinctOps$1 done
Event: 9.920 Loading class java/util/stream/DistinctOps$1$2
Event: 9.921 Loading class java/util/stream/DistinctOps$1$2 done
Event: 11.273 Loading class java/util/WeakHashMap$KeyIterator
Event: 11.273 Loading class java/util/WeakHashMap$KeyIterator done
Event: 11.285 Loading class java/util/Hashtable$KeySet
Event: 11.285 Loading class java/util/Hashtable$KeySet done
Event: 15.124 Loading class sun/nio/cs/ISO_8859_1$Decoder
Event: 16.064 Loading class sun/nio/cs/ISO_8859_1$Decoder done

Classes unloaded (11 events):
Event: 4.991 Thread 0x000002cd89a7f890 Unloading class 0x000002cd9f1a5400 'java/lang/invoke/LambdaForm$MH+0x000002cd9f1a5400'
Event: 4.991 Thread 0x000002cd89a7f890 Unloading class 0x000002cd9f1a5000 'java/lang/invoke/LambdaForm$MH+0x000002cd9f1a5000'
Event: 4.991 Thread 0x000002cd89a7f890 Unloading class 0x000002cd9f1a4c00 'java/lang/invoke/LambdaForm$MH+0x000002cd9f1a4c00'
Event: 4.991 Thread 0x000002cd89a7f890 Unloading class 0x000002cd9f1a4800 'java/lang/invoke/LambdaForm$MH+0x000002cd9f1a4800'
Event: 4.991 Thread 0x000002cd89a7f890 Unloading class 0x000002cd9f1a4400 'java/lang/invoke/LambdaForm$BMH+0x000002cd9f1a4400'
Event: 4.991 Thread 0x000002cd89a7f890 Unloading class 0x000002cd9f1a4000 'java/lang/invoke/LambdaForm$DMH+0x000002cd9f1a4000'
Event: 4.991 Thread 0x000002cd89a7f890 Unloading class 0x000002cd9f1a2c00 'java/lang/invoke/LambdaForm$DMH+0x000002cd9f1a2c00'
Event: 7.362 Thread 0x000002cd89a7f890 Unloading class 0x000002cd9f2e5c00 'java/lang/invoke/LambdaForm$MH+0x000002cd9f2e5c00'
Event: 7.362 Thread 0x000002cd89a7f890 Unloading class 0x000002cd9f2e5000 'java/lang/invoke/LambdaForm$MH+0x000002cd9f2e5000'
Event: 7.362 Thread 0x000002cd89a7f890 Unloading class 0x000002cd9f2e4400 'java/lang/invoke/LambdaForm$MH+0x000002cd9f2e4400'
Event: 7.362 Thread 0x000002cd89a7f890 Unloading class 0x000002cd9f2e4000 'java/lang/invoke/LambdaForm$DMH+0x000002cd9f2e4000'

Classes redefined (0 events):
No events

Internal exceptions (20 events):
Event: 12.631 Thread 0x000002cde5f1ce20 Exception <a 'java/lang/NoSuchMethodError'{0x00000000ebb566d0}: 'java.lang.Object java.lang.invoke.DirectMethodHandle$Holder.newInvokeSpecial(java.lang.Object, java.lang.Object, java.lang.Object, java.lang.Object, java.lang.Object, java.lang.Object, java.lang.Object, java.lang.Object)'> (0x00000000ebb566d0) 
thrown [s\src\hotspot\share\interpreter\linkResolver.cpp, line 773]
Event: 12.633 Thread 0x000002cde5f1ce20 Exception <a 'java/lang/NoSuchMethodError'{0x00000000ebb68f30}: 'java.lang.Object java.lang.invoke.DirectMethodHandle$Holder.invokeStatic(java.lang.Object, java.lang.Object, int, java.lang.Object, java.lang.Object)'> (0x00000000ebb68f30) 
thrown [s\src\hotspot\share\interpreter\linkResolver.cpp, line 773]
Event: 12.634 Thread 0x000002cde5f1ce20 Exception <a 'java/lang/NoSuchMethodError'{0x00000000ebb6f638}: 'java.lang.Object java.lang.invoke.DirectMethodHandle$Holder.newInvokeSpecial(java.lang.Object, java.lang.Object, int)'> (0x00000000ebb6f638) 
thrown [s\src\hotspot\share\interpreter\linkResolver.cpp, line 773]
Event: 12.649 Thread 0x000002cde5f1ce20 Exception <a 'java/lang/NoSuchMethodError'{0x00000000ebbe29e0}: 'void java.lang.invoke.DirectMethodHandle$Holder.invokeStatic(java.lang.Object, int)'> (0x00000000ebbe29e0) 
thrown [s\src\hotspot\share\interpreter\linkResolver.cpp, line 773]
Event: 12.783 Thread 0x000002cde5f1ce20 Exception <a 'java/io/FileNotFoundException'{0x00000000eab41588}> (0x00000000eab41588) 
thrown [s\src\hotspot\share\prims\jni.cpp, line 520]
Event: 13.452 Thread 0x000002cde5f1ce20 Exception <a 'java/io/FileNotFoundException'{0x00000000eab8f4d0}> (0x00000000eab8f4d0) 
thrown [s\src\hotspot\share\prims\jni.cpp, line 520]
Event: 13.531 Thread 0x000002cde5f1ce20 Exception <a 'java/io/FileNotFoundException'{0x00000000eabcb758}> (0x00000000eabcb758) 
thrown [s\src\hotspot\share\prims\jni.cpp, line 520]
Event: 13.998 Thread 0x000002cde5f1ce20 Exception <a 'java/io/FileNotFoundException'{0x00000000eabef440}> (0x00000000eabef440) 
thrown [s\src\hotspot\share\prims\jni.cpp, line 520]
Event: 14.532 Thread 0x000002cde5f1ce20 Exception <a 'java/lang/NoSuchMethodError'{0x00000000eac8a9f0}: 'int java.lang.invoke.DirectMethodHandle$Holder.invokeSpecialIFC(java.lang.Object, java.lang.Object, java.lang.Object)'> (0x00000000eac8a9f0) 
thrown [s\src\hotspot\share\interpreter\linkResolver.cpp, line 773]
Event: 14.542 Thread 0x000002cde5f1ce20 Exception <a 'java/lang/NoSuchMethodError'{0x00000000eacffdb0}: 'java.lang.Object java.lang.invoke.Invokers$Holder.invoker(java.lang.Object, java.lang.Object, java.lang.Object, java.lang.Object, java.lang.Object, java.lang.Object, java.lang.Object, java.lang.Object, java.lang.Object, java.lang.Object, java.lang.Object, java.lang.Object, java.lang.Object)'> (0x00000000eacffdb0) 
thrown [s\src\hotspot\share\interpreter\linkResolver.cpp, line 773]
Event: 14.542 Thread 0x000002cde5f1ce20 Exception <a 'java/lang/NoSuchMethodError'{0x00000000ead09228}: 'java.lang.Object java.lang.invoke.DelegatingMethodHandle$Holder.delegate(java.lang.Object, java.lang.Object, java.lang.Object, java.lang.Object, java.lang.Object, java.lang.Object, java.lang.Object, java.lang.Object, java.lang.Object, java.lang.Object, java.lang.Object, java.lang.Object, java.lang.Object)'> (0x00000000ead09228) 
thrown [s\src\hotspot\share\interpreter\linkResolver.cpp, line 773]
Event: 14.660 Thread 0x000002cde5f1ce20 Implicit null exception at 0x000002cd94a47ccf to 0x000002cd94a480c4
Event: 14.729 Thread 0x000002cde5f1ce20 Exception <a 'java/lang/NoSuchMethodError'{0x00000000eb02da10}: 'java.lang.Object java.lang.invoke.DirectMethodHandle$Holder.newInvokeSpecial(java.lang.Object, java.lang.Object, java.lang.Object, java.lang.Object, java.lang.Object, java.lang.Object, java.lang.Object)'> (0x00000000eb02da10) 
thrown [s\src\hotspot\share\interpreter\linkResolver.cpp, line 773]
Event: 14.751 Thread 0x000002cde5f1ce20 Exception <a 'java/lang/NoSuchMethodError'{0x00000000eb140938}: 'void java.lang.invoke.DirectMethodHandle$Holder.invokeInterface(java.lang.Object, java.lang.Object)'> (0x00000000eb140938) 
thrown [s\src\hotspot\share\interpreter\linkResolver.cpp, line 773]
Event: 14.765 Thread 0x000002cdea977370 Exception <a 'java/lang/NoSuchMethodError'{0x00000000eb1f8d60}: 'void java.lang.invoke.DirectMethodHandle$Holder.invokeSpecial(java.lang.Object, java.lang.Object, java.lang.Object, java.lang.Object, java.lang.Object, java.lang.Object, java.lang.Object, java.lang.Object)'> (0x00000000eb1f8d60) 
thrown [s\src\hotspot\share\interpreter\linkResolver.cpp, line 773]
Event: 14.765 Thread 0x000002cdea978720 Exception <a 'java/lang/NoSuchMethodError'{0x00000000eb1e94b0}: 'void java.lang.invoke.DirectMethodHandle$Holder.invokeSpecial(java.lang.Object, java.lang.Object, java.lang.Object, java.lang.Object, java.lang.Object, java.lang.Object, java.lang.Object, java.lang.Object)'> (0x00000000eb1e94b0) 
thrown [s\src\hotspot\share\interpreter\linkResolver.cpp, line 773]
Event: 14.765 Thread 0x000002cdea978db0 Exception <a 'java/lang/NoSuchMethodError'{0x00000000eb1da890}: 'void java.lang.invoke.DirectMethodHandle$Holder.invokeSpecial(java.lang.Object, java.lang.Object, java.lang.Object, java.lang.Object, java.lang.Object, java.lang.Object, java.lang.Object, java.lang.Object)'> (0x00000000eb1da890) 
thrown [s\src\hotspot\share\interpreter\linkResolver.cpp, line 773]
Event: 14.766 Thread 0x000002cdea97a160 Exception <a 'java/lang/NoSuchMethodError'{0x00000000eb210ee0}: 'void java.lang.invoke.DirectMethodHandle$Holder.invokeSpecial(java.lang.Object, java.lang.Object, java.lang.Object, java.lang.Object, java.lang.Object, java.lang.Object, java.lang.Object, java.lang.Object)'> (0x00000000eb210ee0) 
thrown [s\src\hotspot\share\interpreter\linkResolver.cpp, line 773]
Event: 14.766 Thread 0x000002cdea978090 Exception <a 'java/lang/NoSuchMethodError'{0x00000000eb2069f0}: 'void java.lang.invoke.DirectMethodHandle$Holder.invokeSpecial(java.lang.Object, java.lang.Object, java.lang.Object, java.lang.Object, java.lang.Object, java.lang.Object, java.lang.Object, java.lang.Object)'> (0x00000000eb2069f0) 
thrown [s\src\hotspot\share\interpreter\linkResolver.cpp, line 773]
Event: 17.261 Thread 0x000002cde5f1ce20 Exception <a 'java/io/FileNotFoundException'{0x00000000eb005d80}> (0x00000000eb005d80) 
thrown [s\src\hotspot\share\prims\jni.cpp, line 520]

ZGC Phase Switch (0 events):
No events

VM Operations (20 events):
Event: 18.190 Executing VM operation: Cleanup done
Event: 19.204 Executing VM operation: Cleanup
Event: 19.204 Executing VM operation: Cleanup done
Event: 21.230 Executing VM operation: Cleanup
Event: 21.230 Executing VM operation: Cleanup done
Event: 22.230 Executing VM operation: Cleanup
Event: 23.135 Executing VM operation: Cleanup done
Event: 24.001 Executing VM operation: ParallelGCFailedAllocation (Allocation Failure)
Event: 24.601 Executing VM operation: ParallelGCFailedAllocation (Allocation Failure) done
Event: 25.606 Executing VM operation: Cleanup
Event: 25.686 Executing VM operation: Cleanup done
Event: 26.689 Executing VM operation: Cleanup
Event: 26.689 Executing VM operation: Cleanup done
Event: 27.698 Executing VM operation: Cleanup
Event: 27.825 Executing VM operation: Cleanup done
Event: 28.361 Executing VM operation: ParallelGCFailedAllocation (Allocation Failure)
Event: 28.363 Executing VM operation: ParallelGCFailedAllocation (Allocation Failure) done
Event: 29.367 Executing VM operation: Cleanup
Event: 29.368 Executing VM operation: Cleanup done
Event: 32.409 Executing VM operation: Cleanup

Memory protections (0 events):
No events

Nmethod flushes (20 events):
Event: 7.371 Thread 0x000002cd89a7f890 flushing  nmethod 0x000002cd8d23bc90
Event: 7.371 Thread 0x000002cd89a7f890 flushing  nmethod 0x000002cd8d23c190
Event: 7.371 Thread 0x000002cd89a7f890 flushing  nmethod 0x000002cd8d23c690
Event: 7.371 Thread 0x000002cd89a7f890 flushing  nmethod 0x000002cd8d23da90
Event: 7.371 Thread 0x000002cd89a7f890 flushing  nmethod 0x000002cd8d23e790
Event: 7.371 Thread 0x000002cd89a7f890 flushing  nmethod 0x000002cd8d23f410
Event: 7.371 Thread 0x000002cd89a7f890 flushing  nmethod 0x000002cd8d248410
Event: 7.371 Thread 0x000002cd89a7f890 flushing  nmethod 0x000002cd8d248f90
Event: 7.371 Thread 0x000002cd89a7f890 flushing  nmethod 0x000002cd8d249490
Event: 7.371 Thread 0x000002cd89a7f890 flushing  nmethod 0x000002cd8d25f410
Event: 7.371 Thread 0x000002cd89a7f890 flushing  nmethod 0x000002cd8d276b10
Event: 7.371 Thread 0x000002cd89a7f890 flushing  nmethod 0x000002cd8d279810
Event: 7.371 Thread 0x000002cd89a7f890 flushing  nmethod 0x000002cd8d2c2410
Event: 7.371 Thread 0x000002cd89a7f890 flushing  nmethod 0x000002cd8d2c3010
Event: 7.371 Thread 0x000002cd89a7f890 flushing  nmethod 0x000002cd8d2fd410
Event: 7.371 Thread 0x000002cd89a7f890 flushing  nmethod 0x000002cd8d30e990
Event: 7.371 Thread 0x000002cd89a7f890 flushing  nmethod 0x000002cd8d30f310
Event: 7.371 Thread 0x000002cd89a7f890 flushing  nmethod 0x000002cd8d331910
Event: 7.371 Thread 0x000002cd89a7f890 flushing  nmethod 0x000002cd8d366390
Event: 7.371 Thread 0x000002cd89a7f890 flushing  nmethod 0x000002cd8d37c810

Events (20 events):
Event: 16.065 Thread 0x000002cde5f67a60 Thread added: 0x000002cde6395c70
Event: 16.156 Thread 0x000002cdea978720 Thread exited: 0x000002cdea978720
Event: 16.156 Thread 0x000002cdea978db0 Thread exited: 0x000002cdea978db0
Event: 16.156 Thread 0x000002cdea97a160 Thread exited: 0x000002cdea97a160
Event: 16.156 Thread 0x000002cdea978090 Thread exited: 0x000002cdea978090
Event: 16.156 Thread 0x000002cdea977370 Thread exited: 0x000002cdea977370
Event: 17.151 Thread 0x000002cde5f67a60 Thread exited: 0x000002cde5f67a60
Event: 17.152 Thread 0x000002cde6395c70 Thread exited: 0x000002cde6395c70
Event: 17.236 Thread 0x000002cd9ddabc40 Thread added: 0x000002cde5f67a60
Event: 17.325 Thread 0x000002cde5f1ce20 Thread added: 0x000002cdea978090
Event: 17.325 Thread 0x000002cde5f1ce20 Thread added: 0x000002cdea97a7f0
Event: 17.325 Thread 0x000002cde5f1ce20 Thread added: 0x000002cdea979440
Event: 17.326 Thread 0x000002cde5f1ce20 Thread added: 0x000002cdea97a160
Event: 17.326 Thread 0x000002cde5f1ce20 Thread added: 0x000002cdea978db0
Event: 18.658 Thread 0x000002cde5f67a60 Thread exited: 0x000002cde5f67a60
Event: 23.137 Thread 0x000002cd9dda9870 Thread added: 0x000002cde5f67a60
Event: 23.415 Thread 0x000002cde5f67a60 Thread exited: 0x000002cde5f67a60
Event: 23.436 Thread 0x000002cd9dda9870 Thread added: 0x000002cde5f67a60
Event: 25.861 Thread 0x000002cde5f67a60 Thread exited: 0x000002cde5f67a60
Event: 27.826 Thread 0x000002cd9ddabc40 Thread added: 0x000002cde70dce50


Dynamic libraries:
0x00007ff6c77e0000 - 0x00007ff6c77ee000 	c:\Users\aswin\.vscode\extensions\redhat.java-1.42.0-win32-x64\jre\21.0.7-win32-x86_64\bin\java.exe
0x00007ff9b1d00000 - 0x00007ff9b1f65000 	C:\WINDOWS\SYSTEM32\ntdll.dll
0x00007ff9b05e0000 - 0x00007ff9b06a9000 	C:\WINDOWS\System32\KERNEL32.DLL
0x00007ff9af2c0000 - 0x00007ff9af6a8000 	C:\WINDOWS\System32\KERNELBASE.dll
0x00007ff9af140000 - 0x00007ff9af28b000 	C:\WINDOWS\System32\ucrtbase.dll
0x00007ff9a8b50000 - 0x00007ff9a8b68000 	c:\Users\aswin\.vscode\extensions\redhat.java-1.42.0-win32-x64\jre\21.0.7-win32-x86_64\bin\jli.dll
0x00007ff9a0870000 - 0x00007ff9a088e000 	c:\Users\aswin\.vscode\extensions\redhat.java-1.42.0-win32-x64\jre\21.0.7-win32-x86_64\bin\VCRUNTIME140.dll
0x00007ff9b0750000 - 0x00007ff9b091a000 	C:\WINDOWS\System32\USER32.dll
0x00007ff998710000 - 0x00007ff9989aa000 	C:\WINDOWS\WinSxS\amd64_microsoft.windows.common-controls_6595b64144ccf1df_6.0.26100.4202_none_3e0698d4e335f517\COMCTL32.dll
0x00007ff9af290000 - 0x00007ff9af2b7000 	C:\WINDOWS\System32\win32u.dll
0x00007ff9afaa0000 - 0x00007ff9afacb000 	C:\WINDOWS\System32\GDI32.dll
0x00007ff9b1340000 - 0x00007ff9b13e9000 	C:\WINDOWS\System32\msvcrt.dll
0x00007ff9af6b0000 - 0x00007ff9af7e7000 	C:\WINDOWS\System32\gdi32full.dll
0x00007ff9aee50000 - 0x00007ff9aeef3000 	C:\WINDOWS\System32\msvcp_win.dll
0x00007ff9b0420000 - 0x00007ff9b0450000 	C:\WINDOWS\System32\IMM32.DLL
0x00007ff9aa0f0000 - 0x00007ff9aa0fc000 	c:\Users\aswin\.vscode\extensions\redhat.java-1.42.0-win32-x64\jre\21.0.7-win32-x86_64\bin\vcruntime140_1.dll
0x00007ff98e060000 - 0x00007ff98e0ed000 	c:\Users\aswin\.vscode\extensions\redhat.java-1.42.0-win32-x64\jre\21.0.7-win32-x86_64\bin\msvcp140.dll
0x00007ff8f5db0000 - 0x00007ff8f6b40000 	c:\Users\aswin\.vscode\extensions\redhat.java-1.42.0-win32-x64\jre\21.0.7-win32-x86_64\bin\server\jvm.dll
0x00007ff9b0f10000 - 0x00007ff9b0fc3000 	C:\WINDOWS\System32\ADVAPI32.dll
0x00007ff9b0ad0000 - 0x00007ff9b0b76000 	C:\WINDOWS\System32\sechost.dll
0x00007ff9b10d0000 - 0x00007ff9b11e5000 	C:\WINDOWS\System32\RPCRT4.dll
0x00007ff9aff10000 - 0x00007ff9aff84000 	C:\WINDOWS\System32\WS2_32.dll
0x00007ff9addb0000 - 0x00007ff9ade0e000 	C:\WINDOWS\SYSTEM32\POWRPROF.dll
0x00007ff9a0da0000 - 0x00007ff9a0dab000 	C:\WINDOWS\SYSTEM32\VERSION.dll
0x00007ff99b040000 - 0x00007ff99b075000 	C:\WINDOWS\SYSTEM32\WINMM.dll
0x00007ff9add90000 - 0x00007ff9adda4000 	C:\WINDOWS\SYSTEM32\UMPDC.dll
0x00007ff9adc70000 - 0x00007ff9adc8b000 	C:\WINDOWS\SYSTEM32\kernel.appcore.dll
0x00007ff9a9700000 - 0x00007ff9a970a000 	c:\Users\aswin\.vscode\extensions\redhat.java-1.42.0-win32-x64\jre\21.0.7-win32-x86_64\bin\jimage.dll
0x00007ff9ac0b0000 - 0x00007ff9ac2f1000 	C:\WINDOWS\SYSTEM32\DBGHELP.DLL
0x00007ff9b0b80000 - 0x00007ff9b0f05000 	C:\WINDOWS\System32\combase.dll
0x00007ff9afc30000 - 0x00007ff9afd11000 	C:\WINDOWS\System32\OLEAUT32.dll
0x00007ff98efb0000 - 0x00007ff98efe9000 	C:\WINDOWS\SYSTEM32\dbgcore.DLL
0x00007ff9af7f0000 - 0x00007ff9af889000 	C:\WINDOWS\System32\bcryptPrimitives.dll
0x00007ff9a1940000 - 0x00007ff9a194f000 	c:\Users\aswin\.vscode\extensions\redhat.java-1.42.0-win32-x64\jre\21.0.7-win32-x86_64\bin\instrument.dll
0x00007ff99ff60000 - 0x00007ff99ff7f000 	c:\Users\aswin\.vscode\extensions\redhat.java-1.42.0-win32-x64\jre\21.0.7-win32-x86_64\bin\java.dll
0x00007ff9b1560000 - 0x00007ff9b1ca2000 	C:\WINDOWS\System32\SHELL32.dll
0x00007ff9af920000 - 0x00007ff9afa94000 	C:\WINDOWS\System32\wintypes.dll
0x00007ff9aca90000 - 0x00007ff9ad2e7000 	C:\WINDOWS\SYSTEM32\windows.storage.dll
0x00007ff9b1240000 - 0x00007ff9b1331000 	C:\WINDOWS\System32\SHCORE.dll
0x00007ff9afad0000 - 0x00007ff9afb3a000 	C:\WINDOWS\System32\shlwapi.dll
0x00007ff9aed60000 - 0x00007ff9aed8f000 	C:\WINDOWS\SYSTEM32\profapi.dll
0x00007ff99bda0000 - 0x00007ff99bdb8000 	c:\Users\aswin\.vscode\extensions\redhat.java-1.42.0-win32-x64\jre\21.0.7-win32-x86_64\bin\zip.dll
0x00007ff9a0060000 - 0x00007ff9a0070000 	C:\Users\aswin\.vscode\extensions\redhat.java-1.42.0-win32-x64\jre\21.0.7-win32-x86_64\bin\net.dll
0x00007ff9a79c0000 - 0x00007ff9a7ade000 	C:\WINDOWS\SYSTEM32\WINHTTP.dll
0x00007ff9ae2a0000 - 0x00007ff9ae30a000 	C:\WINDOWS\system32\mswsock.dll
0x00007ff99bd30000 - 0x00007ff99bd46000 	C:\Users\aswin\.vscode\extensions\redhat.java-1.42.0-win32-x64\jre\21.0.7-win32-x86_64\bin\nio.dll
0x00007ff99bea0000 - 0x00007ff99beb0000 	c:\Users\aswin\.vscode\extensions\redhat.java-1.42.0-win32-x64\jre\21.0.7-win32-x86_64\bin\verify.dll
0x00007ff979d70000 - 0x00007ff979db5000 	C:\Users\aswin\AppData\Roaming\Code\User\globalStorage\redhat.java\1.42.0\config_win\org.eclipse.equinox.launcher\org.eclipse.equinox.launcher.win32.win32.x86_64_1.2.1300.v20250331-1702\eclipse_11911.dll
0x00007ff9b0920000 - 0x00007ff9b0abe000 	C:\WINDOWS\System32\ole32.dll
0x00007ff99bd90000 - 0x00007ff99bd9a000 	C:\Users\aswin\.vscode\extensions\redhat.java-1.42.0-win32-x64\jre\21.0.7-win32-x86_64\bin\management.dll
0x00007ff99bd00000 - 0x00007ff99bd0b000 	C:\Users\aswin\.vscode\extensions\redhat.java-1.42.0-win32-x64\jre\21.0.7-win32-x86_64\bin\management_ext.dll
0x00007ff9b1cb0000 - 0x00007ff9b1cb8000 	C:\WINDOWS\System32\PSAPI.DLL
0x00007ff9ae550000 - 0x00007ff9ae56b000 	C:\WINDOWS\SYSTEM32\CRYPTSP.dll
0x00007ff9adbb0000 - 0x00007ff9adbea000 	C:\WINDOWS\system32\rsaenh.dll
0x00007ff9ae340000 - 0x00007ff9ae36b000 	C:\WINDOWS\SYSTEM32\USERENV.dll
0x00007ff9aed30000 - 0x00007ff9aed56000 	C:\WINDOWS\SYSTEM32\bcrypt.dll
0x00007ff9ae570000 - 0x00007ff9ae57c000 	C:\WINDOWS\SYSTEM32\CRYPTBASE.dll
0x00007ff9ad5e0000 - 0x00007ff9ad613000 	C:\WINDOWS\SYSTEM32\IPHLPAPI.DLL
0x00007ff9afd20000 - 0x00007ff9afd2a000 	C:\WINDOWS\System32\NSI.dll
0x00007ff974120000 - 0x00007ff974169000 	C:\Users\aswin\AppData\Local\Temp\jna-93125226\jna7786988505279712522.dll
0x00007ff9a7990000 - 0x00007ff9a79af000 	C:\WINDOWS\SYSTEM32\dhcpcsvc6.DLL
0x00007ff9a7960000 - 0x00007ff9a7985000 	C:\WINDOWS\SYSTEM32\dhcpcsvc.DLL

dbghelp: loaded successfully - version: 4.0.5 - missing functions: none
symbol engine: initialized successfully - sym options: 0x614 - pdb path: .;c:\Users\aswin\.vscode\extensions\redhat.java-1.42.0-win32-x64\jre\21.0.7-win32-x86_64\bin;C:\WINDOWS\SYSTEM32;C:\WINDOWS\WinSxS\amd64_microsoft.windows.common-controls_6595b64144ccf1df_6.0.26100.4202_none_3e0698d4e335f517;c:\Users\aswin\.vscode\extensions\redhat.java-1.42.0-win32-x64\jre\21.0.7-win32-x86_64\bin\server;C:\Users\aswin\AppData\Roaming\Code\User\globalStorage\redhat.java\1.42.0\config_win\org.eclipse.equinox.launcher\org.eclipse.equinox.launcher.win32.win32.x86_64_1.2.1300.v20250331-1702;C:\Users\aswin\AppData\Local\Temp\jna-93125226

VM Arguments:
jvm_args: --add-modules=ALL-SYSTEM --add-opens=java.base/java.util=ALL-UNNAMED --add-opens=java.base/java.lang=ALL-UNNAMED --add-opens=java.base/sun.nio.fs=ALL-UNNAMED -Declipse.application=org.eclipse.jdt.ls.core.id1 -Dosgi.bundles.defaultStartLevel=4 -Declipse.product=org.eclipse.jdt.ls.core.product -Djava.import.generatesMetadataFilesAtProjectRoot=false -DDetectVMInstallationsJob.disabled=true -Dfile.encoding=utf8 -XX:+UseParallelGC -XX:GCTimeRatio=4 -XX:AdaptiveSizePolicyWeight=90 -Dsun.zip.disableMemoryMapping=true -Xmx1G -Xms100m -Xlog:disable -javaagent:c:\Users\aswin\.vscode\extensions\redhat.java-1.42.0-win32-x64\lombok\lombok-1.18.36.jar -XX:+HeapDumpOnOutOfMemoryError -XX:HeapDumpPath=c:\Users\aswin\AppData\Roaming\Code\User\workspaceStorage\9275dcea1b62fe78d95fcedbb351aeb5\redhat.java -Daether.dependencyCollector.impl=bf 
java_command: c:\Users\aswin\.vscode\extensions\redhat.java-1.42.0-win32-x64\server\plugins\org.eclipse.equinox.launcher_1.7.0.v20250424-1814.jar -configuration c:\Users\aswin\AppData\Roaming\Code\User\globalStorage\redhat.java\1.42.0\config_win -data c:\Users\aswin\AppData\Roaming\Code\User\workspaceStorage\9275dcea1b62fe78d95fcedbb351aeb5\redhat.java\jdt_ws --pipe=\\.\pipe\lsp-c19e221f9d2cb406115423d2d1a9e0ab-sock
java_class_path (initial): c:\Users\aswin\.vscode\extensions\redhat.java-1.42.0-win32-x64\server\plugins\org.eclipse.equinox.launcher_1.7.0.v20250424-1814.jar
Launcher Type: SUN_STANDARD

[Global flags]
    uintx AdaptiveSizePolicyWeight                 = 90                                        {product} {command line}
     intx CICompilerCount                          = 4                                         {product} {ergonomic}
    uintx GCTimeRatio                              = 4                                         {product} {command line}
     bool HeapDumpOnOutOfMemoryError               = true                                   {manageable} {command line}
    ccstr HeapDumpPath                             = c:\Users\aswin\AppData\Roaming\Code\User\workspaceStorage\9275dcea1b62fe78d95fcedbb351aeb5\redhat.java         {manageable} {command line}
   size_t InitialHeapSize                          = 104857600                                 {product} {command line}
   size_t MaxHeapSize                              = 1073741824                                {product} {command line}
   size_t MaxNewSize                               = 357564416                                 {product} {ergonomic}
   size_t MinHeapDeltaBytes                        = 524288                                    {product} {ergonomic}
   size_t MinHeapSize                              = 104857600                                 {product} {command line}
   size_t NewSize                                  = 34603008                                  {product} {ergonomic}
    uintx NonNMethodCodeHeapSize                   = 5839372                                {pd product} {ergonomic}
    uintx NonProfiledCodeHeapSize                  = 122909434                              {pd product} {ergonomic}
   size_t OldSize                                  = 70254592                                  {product} {ergonomic}
    uintx ProfiledCodeHeapSize                     = 122909434                              {pd product} {ergonomic}
    uintx ReservedCodeCacheSize                    = 251658240                              {pd product} {ergonomic}
     bool SegmentedCodeCache                       = true                                      {product} {ergonomic}
   size_t SoftMaxHeapSize                          = 1073741824                             {manageable} {ergonomic}
     bool UseCompressedOops                        = true                           {product lp64_product} {ergonomic}
     bool UseLargePagesIndividualAllocation        = false                                  {pd product} {ergonomic}
     bool UseParallelGC                            = true                                      {product} {command line}

Logging:
Log output configuration:
 #0: stdout all=off uptime,level,tags foldmultilines=false
 #1: stderr all=off uptime,level,tags foldmultilines=false

Environment Variables:
PATH=C:\Program Files\Common Files\Oracle\Java\javapath;C:\Windows\system32;C:\Windows;C:\Windows\System32\Wbem;C:\Windows\System32\WindowsPowerShell\v1.0\;C:\Windows\System32\OpenSSH\;C:\Program Files (x86)\NVIDIA Corporation\PhysX\Common;C:\Program Files\Java\jdk-18.0.2.1\;C:\Program Files\MySQL\MySQL Server 8.0\bin;C:\WINDOWS\system32;C:\WINDOWS;C:\WINDOWS\System32\Wbem;C:\WINDOWS\System32\WindowsPowerShell\v1.0\;C:\WINDOWS\System32\OpenSSH\;C:\Program Files\Git\cmd;C:\Program Files\nodejs\;C:\Program Files\dotnet\;C:\instantclient_23_4;C:\instantclient_21_13;C:\Program Files\NVIDIA Corporation\NVIDIA app\NvDLISR;C:\Program Files\MongoDB\Server\7.0\bin;%MAVEN_HOME%\bin;C:\Strawberry\c\bin;C:\Strawberry\perl\site\bin;C:\Strawberry\perl\bin;C:\Users\aswin\Downloads\apache-maven-3.9.9-bin\apache-maven-3.9.9\bin;C:\Program Files\Java\jdk-21;C:\Users\aswin\AppData\Local\Programs\Python\Python310\Scripts\;C:\Users\aswin\AppData\Local\Programs\Python\Python310\;C:\Program Files\MySQL\MySQL Shell 8.0\bin\;C:\Users\aswin\AppData\Local\Microsoft\WindowsApps;C:\Users\aswin\AppData\Local\Programs\Microsoft VS Code\bin;C:\Users\aswin\AppData\Roaming\npm;C:\Program Files\MongoDB\;
USERNAME=aswin
OS=Windows_NT
PROCESSOR_IDENTIFIER=Intel64 Family 6 Model 165 Stepping 2, GenuineIntel
TMP=C:\Users\aswin\AppData\Local\Temp
TEMP=C:\Users\aswin\AppData\Local\Temp




Periodic native trim disabled

---------------  S Y S T E M  ---------------

OS:
 Windows 11 , 64 bit Build 26100 (10.0.26100.4202)
OS uptime: 0 days 2:04 hours
Hyper-V role detected

CPU: total 8 (initial active 8) (4 cores per cpu, 2 threads per core) family 6 model 165 stepping 2 microcode 0xe0, cx8, cmov, fxsr, ht, mmx, 3dnowpref, sse, sse2, sse3, ssse3, sse4.1, sse4.2, popcnt, lzcnt, tsc, tscinvbit, avx, avx2, erms, clmul, bmi1, bmi2, adx, fma, vzeroupper, clflush, clflushopt, hv, rdtscp, f16c
Processor Information for the first 8 processors :
  Max Mhz: 2496, Current Mhz: 2496, Mhz Limit: 2496

Memory: 4k page, system-wide physical 8029M (824M free)
TotalPageFile size 12125M (AvailPageFile size 328M)
current process WorkingSet (physical memory assigned to process): 233M, peak: 245M
current process commit charge ("private bytes"): 309M, peak: 329M

vm_info: OpenJDK 64-Bit Server VM (21.0.7+6-LTS) for windows-amd64 JRE (21.0.7+6-LTS), built on 2025-04-15T00:00:00Z by "admin" with MS VC++ 17.7 (VS2022)

END.
