#
# There is insufficient memory for the Java Runtime Environment to continue.
# Native memory allocation (malloc) failed to allocate 1140816 bytes. Error detail: Chunk::new
# Possible reasons:
#   The system is out of physical RAM or swap space
#   This process is running with CompressedOops enabled, and the Java Heap may be blocking the growth of the native heap
# Possible solutions:
#   Reduce memory load on the system
#   Increase physical memory or swap space
#   Check if swap backing store is full
#   Decrease Java heap size (-Xmx/-Xms)
#   Decrease number of Java threads
#   Decrease Java thread stack sizes (-Xss)
#   Set larger code cache with -XX:ReservedCodeCacheSize=
#   JVM is running with Unscaled Compressed Oops mode in which the Java heap is
#     placed in the first 4GB address space. The Java Heap base address is the
#     maximum limit for the native heap growth. Please use -XX:HeapBaseMinAddress
#     to set the Java Heap base and to place the Java Heap above 4GB virtual address.
# This output file may be truncated or incomplete.
#
#  Out of Memory Error (arena.cpp:168), pid=15976, tid=10532
#
# JRE version: OpenJDK Runtime Environment Temurin-21.0.7+6 (21.0.7+6) (build 21.0.7+6-LTS)
# Java VM: OpenJDK 64-Bit Server VM Temurin-21.0.7+6 (21.0.7+6-LTS, mixed mode, sharing, tiered, compressed oops, compressed class ptrs, parallel gc, windows-amd64)
# No core dump will be written. Minidumps are not enabled by default on client versions of Windows
#

---------------  S U M M A R Y ------------

Command Line: --add-modules=ALL-SYSTEM --add-opens=java.base/java.util=ALL-UNNAMED --add-opens=java.base/java.lang=ALL-UNNAMED --add-opens=java.base/sun.nio.fs=ALL-UNNAMED -Declipse.application=org.eclipse.jdt.ls.core.id1 -Dosgi.bundles.defaultStartLevel=4 -Declipse.product=org.eclipse.jdt.ls.core.product -Djava.import.generatesMetadataFilesAtProjectRoot=false -DDetectVMInstallationsJob.disabled=true -Dfile.encoding=utf8 -XX:+UseParallelGC -XX:GCTimeRatio=4 -XX:AdaptiveSizePolicyWeight=90 -Dsun.zip.disableMemoryMapping=true -Xmx1G -Xms100m -Xlog:disable -javaagent:c:\Users\aswin\.vscode\extensions\redhat.java-1.42.0-win32-x64\lombok\lombok-1.18.36.jar -XX:+HeapDumpOnOutOfMemoryError -XX:HeapDumpPath=c:\Users\aswin\AppData\Roaming\Code\User\workspaceStorage\9275dcea1b62fe78d95fcedbb351aeb5\redhat.java -Daether.dependencyCollector.impl=bf c:\Users\aswin\.vscode\extensions\redhat.java-1.42.0-win32-x64\server\plugins\org.eclipse.equinox.launcher_1.7.0.v20250424-1814.jar -configuration c:\Users\aswin\AppData\Roaming\Code\User\globalStorage\redhat.java\1.42.0\config_win -data c:\Users\aswin\AppData\Roaming\Code\User\workspaceStorage\9275dcea1b62fe78d95fcedbb351aeb5\redhat.java\jdt_ws --pipe=\\.\pipe\lsp-2e6081dd798d29511c9ab1d970eb41ef-sock

Host: Intel(R) Core(TM) i5-10300H CPU @ 2.50GHz, 8 cores, 7G,  Windows 11 , 64 bit Build 26100 (10.0.26100.4202)
Time: Sat Jun  7 10:48:41 2025 India Standard Time elapsed time: 8.849567 seconds (0d 0h 0m 8s)

---------------  T H R E A D  ---------------

Current thread (0x000001f4676953b0):  JavaThread "C2 CompilerThread2" daemon [_thread_in_native, id=10532, stack(0x00000039fb000000,0x00000039fb100000) (1024K)]


Current CompileTask:
C2:8849 6214       4       java.lang.invoke.MemberName::getMethodOrFieldType (72 bytes)

Stack: [0x00000039fb000000,0x00000039fb100000]
Native frames: (J=compiled Java code, j=interpreted, Vv=VM code, C=native code)
V  [jvm.dll+0x6ce119]
V  [jvm.dll+0x8a84a1]
V  [jvm.dll+0x8aa9ce]
V  [jvm.dll+0x8ab0b3]
V  [jvm.dll+0x27f8a6]
V  [jvm.dll+0xc507d]
V  [jvm.dll+0xc55b3]
V  [jvm.dll+0x3b68f2]
V  [jvm.dll+0x1dfe33]
V  [jvm.dll+0x247c42]
V  [jvm.dll+0x2470cf]
V  [jvm.dll+0x1c760e]
V  [jvm.dll+0x25695a]
V  [jvm.dll+0x254efa]
V  [jvm.dll+0x3f03f6]
V  [jvm.dll+0x851f6b]
V  [jvm.dll+0x6cc7dd]
C  [ucrtbase.dll+0x37b0]
C  [KERNEL32.DLL+0x2e8d7]
C  [ntdll.dll+0x3c34c]


---------------  P R O C E S S  ---------------

Threads class SMR info:
_java_thread_list=0x000001f46944ba50, length=42, elements={
0x000001f44b5ff320, 0x000001f44b6bb9b0, 0x000001f44b6bde80, 0x000001f4601d7540,
0x000001f4601d8090, 0x000001f4601da240, 0x000001f4601dea20, 0x000001f4601e1bc0,
0x000001f461bd0060, 0x000001f461c94720, 0x000001f461d995d0, 0x000001f461ed7770,
0x000001f4662ddd20, 0x000001f466711e80, 0x000001f466c77510, 0x000001f466732ac0,
0x000001f466f60d60, 0x000001f4671e1740, 0x000001f4670ffde0, 0x000001f466fb7770,
0x000001f466fb8490, 0x000001f466fb8b20, 0x000001f466fb91b0, 0x000001f4676953b0,
0x000001f466fb9840, 0x000001f466fb63c0, 0x000001f466fb6a50, 0x000001f466fb70e0,
0x000001f466fb7e00, 0x000001f467636880, 0x000001f4676361f0, 0x000001f4676375a0,
0x000001f467636f10, 0x000001f467637c30, 0x000001f4676347b0, 0x000001f4676354d0,
0x000001f4676382c0, 0x000001f467634e40, 0x000001f467635b60, 0x000001f467638fe0,
0x000001f467638950, 0x000001f46763a390
}

Java Threads: ( => current thread )
  0x000001f44b5ff320 JavaThread "main"                              [_thread_blocked, id=19496, stack(0x00000039f8f00000,0x00000039f9000000) (1024K)]
  0x000001f44b6bb9b0 JavaThread "Reference Handler"          daemon [_thread_blocked, id=2024, stack(0x00000039f9300000,0x00000039f9400000) (1024K)]
  0x000001f44b6bde80 JavaThread "Finalizer"                  daemon [_thread_blocked, id=18452, stack(0x00000039f9400000,0x00000039f9500000) (1024K)]
  0x000001f4601d7540 JavaThread "Signal Dispatcher"          daemon [_thread_blocked, id=16324, stack(0x00000039f9500000,0x00000039f9600000) (1024K)]
  0x000001f4601d8090 JavaThread "Attach Listener"            daemon [_thread_blocked, id=5588, stack(0x00000039f9600000,0x00000039f9700000) (1024K)]
  0x000001f4601da240 JavaThread "Service Thread"             daemon [_thread_blocked, id=20476, stack(0x00000039f9700000,0x00000039f9800000) (1024K)]
  0x000001f4601dea20 JavaThread "Monitor Deflation Thread"   daemon [_thread_blocked, id=6016, stack(0x00000039f9800000,0x00000039f9900000) (1024K)]
  0x000001f4601e1bc0 JavaThread "C2 CompilerThread0"         daemon [_thread_in_native, id=15932, stack(0x00000039f9900000,0x00000039f9a00000) (1024K)]
  0x000001f461bd0060 JavaThread "C1 CompilerThread0"         daemon [_thread_in_vm, id=5356, stack(0x00000039f9a00000,0x00000039f9b00000) (1024K)]
  0x000001f461c94720 JavaThread "Common-Cleaner"             daemon [_thread_blocked, id=3484, stack(0x00000039f9b00000,0x00000039f9c00000) (1024K)]
  0x000001f461d995d0 JavaThread "C2 CompilerThread1"         daemon [_thread_in_native, id=18176, stack(0x00000039f9c00000,0x00000039f9d00000) (1024K)]
  0x000001f461ed7770 JavaThread "Notification Thread"        daemon [_thread_blocked, id=2660, stack(0x00000039f9d00000,0x00000039f9e00000) (1024K)]
  0x000001f4662ddd20 JavaThread "Active Thread: Equinox Container: 68dde78e-4e0e-4831-803e-26c3ef02c830"        [_thread_blocked, id=9072, stack(0x00000039fa500000,0x00000039fa600000) (1024K)]
  0x000001f466711e80 JavaThread "Refresh Thread: Equinox Container: 68dde78e-4e0e-4831-803e-26c3ef02c830" daemon [_thread_blocked, id=19720, stack(0x00000039fa600000,0x00000039fa700000) (1024K)]
  0x000001f466c77510 JavaThread "Framework Event Dispatcher: Equinox Container: 68dde78e-4e0e-4831-803e-26c3ef02c830" daemon [_thread_blocked, id=21048, stack(0x00000039fa800000,0x00000039fa900000) (1024K)]
  0x000001f466732ac0 JavaThread "Start Level: Equinox Container: 68dde78e-4e0e-4831-803e-26c3ef02c830" daemon [_thread_blocked, id=16056, stack(0x00000039fa900000,0x00000039faa00000) (1024K)]
  0x000001f466f60d60 JavaThread "Bundle File Closer"         daemon [_thread_blocked, id=20340, stack(0x00000039faa00000,0x00000039fab00000) (1024K)]
  0x000001f4671e1740 JavaThread "SCR Component Actor"        daemon [_thread_blocked, id=17800, stack(0x00000039fab00000,0x00000039fac00000) (1024K)]
  0x000001f4670ffde0 JavaThread "SCR Component Registry"     daemon [_thread_blocked, id=15224, stack(0x00000039fac00000,0x00000039fad00000) (1024K)]
  0x000001f466fb7770 JavaThread "Worker-JM"                         [_thread_blocked, id=16032, stack(0x00000039f9e00000,0x00000039f9f00000) (1024K)]
  0x000001f466fb8490 JavaThread "Worker-0"                          [_thread_blocked, id=18068, stack(0x00000039fad00000,0x00000039fae00000) (1024K)]
  0x000001f466fb8b20 JavaThread "Worker-1: Initialize Workspace"        [_thread_in_Java, id=15008, stack(0x00000039fae00000,0x00000039faf00000) (1024K)]
  0x000001f466fb91b0 JavaThread "Java indexing"              daemon [_thread_blocked, id=21140, stack(0x00000039faf00000,0x00000039fb000000) (1024K)]
=>0x000001f4676953b0 JavaThread "C2 CompilerThread2"         daemon [_thread_in_native, id=10532, stack(0x00000039fb000000,0x00000039fb100000) (1024K)]
  0x000001f466fb9840 JavaThread "JNA Cleaner"                daemon [_thread_blocked, id=10904, stack(0x00000039fb100000,0x00000039fb200000) (1024K)]
  0x000001f466fb63c0 JavaThread "Worker-2"                          [_thread_blocked, id=14328, stack(0x00000039fb400000,0x00000039fb500000) (1024K)]
  0x000001f466fb6a50 JavaThread "Worker-3"                          [_thread_blocked, id=2348, stack(0x00000039fb500000,0x00000039fb600000) (1024K)]
  0x000001f466fb70e0 JavaThread "Worker-4"                          [_thread_blocked, id=6428, stack(0x00000039fb600000,0x00000039fb700000) (1024K)]
  0x000001f466fb7e00 JavaThread "Worker-5"                          [_thread_blocked, id=21156, stack(0x00000039fb700000,0x00000039fb800000) (1024K)]
  0x000001f467636880 JavaThread "Thread-2"                   daemon [_thread_in_native, id=17548, stack(0x00000039fb800000,0x00000039fb900000) (1024K)]
  0x000001f4676361f0 JavaThread "Thread-3"                   daemon [_thread_in_native, id=2656, stack(0x00000039fb900000,0x00000039fba00000) (1024K)]
  0x000001f4676375a0 JavaThread "Thread-4"                   daemon [_thread_in_native, id=16608, stack(0x00000039fba00000,0x00000039fbb00000) (1024K)]
  0x000001f467636f10 JavaThread "Thread-5"                   daemon [_thread_in_native, id=14972, stack(0x00000039fbb00000,0x00000039fbc00000) (1024K)]
  0x000001f467637c30 JavaThread "Thread-6"                   daemon [_thread_in_native, id=8032, stack(0x00000039fbc00000,0x00000039fbd00000) (1024K)]
  0x000001f4676347b0 JavaThread "Thread-7"                   daemon [_thread_in_native, id=4224, stack(0x00000039fbd00000,0x00000039fbe00000) (1024K)]
  0x000001f4676354d0 JavaThread "Thread-8"                   daemon [_thread_in_native, id=21092, stack(0x00000039fbe00000,0x00000039fbf00000) (1024K)]
  0x000001f4676382c0 JavaThread "Thread-9"                   daemon [_thread_in_native, id=2776, stack(0x00000039fbf00000,0x00000039fc000000) (1024K)]
  0x000001f467634e40 JavaThread "Thread-10"                  daemon [_thread_in_native, id=18796, stack(0x00000039fc000000,0x00000039fc100000) (1024K)]
  0x000001f467635b60 JavaThread "pool-2-thread-1"                   [_thread_blocked, id=3024, stack(0x00000039fc100000,0x00000039fc200000) (1024K)]
  0x000001f467638fe0 JavaThread "WorkspaceEventsHandler"            [_thread_blocked, id=6952, stack(0x00000039fc200000,0x00000039fc300000) (1024K)]
  0x000001f467638950 JavaThread "pool-1-thread-1"                   [_thread_blocked, id=3884, stack(0x00000039fc300000,0x00000039fc400000) (1024K)]
  0x000001f46763a390 JavaThread "Keep-Alive-Timer"           daemon [_thread_blocked, id=3980, stack(0x00000039fc500000,0x00000039fc600000) (1024K)]
Total: 42

Other Threads:
  0x000001f44b6a08a0 VMThread "VM Thread"                           [id=16236, stack(0x00000039f9200000,0x00000039f9300000) (1024K)]
  0x000001f4600eca00 WatcherThread "VM Periodic Task Thread"        [id=15208, stack(0x00000039f9100000,0x00000039f9200000) (1024K)]
  0x000001f44b61e3d0 WorkerThread "GC Thread#0"                     [id=15632, stack(0x00000039f9000000,0x00000039f9100000) (1024K)]
  0x000001f4663ea900 WorkerThread "GC Thread#1"                     [id=20856, stack(0x00000039f9f00000,0x00000039fa000000) (1024K)]
  0x000001f466499d70 WorkerThread "GC Thread#2"                     [id=6708, stack(0x00000039fa000000,0x00000039fa100000) (1024K)]
  0x000001f46649a110 WorkerThread "GC Thread#3"                     [id=5948, stack(0x00000039fa100000,0x00000039fa200000) (1024K)]
  0x000001f46649a4b0 WorkerThread "GC Thread#4"                     [id=15320, stack(0x00000039fa200000,0x00000039fa300000) (1024K)]
  0x000001f466408de0 WorkerThread "GC Thread#5"                     [id=8312, stack(0x00000039fa300000,0x00000039fa400000) (1024K)]
  0x000001f466409180 WorkerThread "GC Thread#6"                     [id=5384, stack(0x00000039fa400000,0x00000039fa500000) (1024K)]
  0x000001f466d48b20 WorkerThread "GC Thread#7"                     [id=20772, stack(0x00000039fa700000,0x00000039fa800000) (1024K)]
Total: 10

Threads with active compile tasks:
C2 CompilerThread0  8883 6484   !   4       java.util.regex.Pattern::closure (276 bytes)
C2 CompilerThread1  8883 6393       4       org.eclipse.osgi.internal.loader.BundleLoader::addExportedProvidersFor (167 bytes)
C2 CompilerThread2  8883 6214       4       java.lang.invoke.MemberName::getMethodOrFieldType (72 bytes)
Total: 3

VM state: not at safepoint (normal execution)

VM Mutex/Monitor currently owned by a thread: None

Heap address: 0x00000000c0000000, size: 1024 MB, Compressed Oops mode: 32-bit

CDS archive(s) mapped at: [0x000001f400000000-0x000001f400ba0000-0x000001f400ba0000), size 12189696, SharedBaseAddress: 0x000001f400000000, ArchiveRelocationMode: 1.
Compressed class space mapped at: 0x000001f401000000-0x000001f441000000, reserved size: 1073741824
Narrow klass base: 0x000001f400000000, Narrow klass shift: 0, Narrow klass range: 0x100000000

GC Precious Log:
 CardTable entry size: 512
 CPUs: 8 total, 8 available
 Memory: 8029M
 Large Page Support: Disabled
 NUMA Support: Disabled
 Compressed Oops: Enabled (32-bit)
 Alignments: Space 512K, Generation 512K, Heap 2M
 Heap Min Capacity: 100M
 Heap Initial Capacity: 100M
 Heap Max Capacity: 1G
 Pre-touch: Disabled
 Parallel Workers: 8

Heap:
 PSYoungGen      total 24576K, used 5857K [0x00000000eab00000, 0x00000000ec580000, 0x0000000100000000)
  eden space 22016K, 21% used [0x00000000eab00000,0x00000000eafb1f80,0x00000000ec080000)
  from space 2560K, 40% used [0x00000000ec080000,0x00000000ec186580,0x00000000ec300000)
  to   space 1536K, 0% used [0x00000000ec400000,0x00000000ec400000,0x00000000ec580000)
 ParOldGen       total 68608K, used 24410K [0x00000000c0000000, 0x00000000c4300000, 0x00000000eab00000)
  object space 68608K, 35% used [0x00000000c0000000,0x00000000c17d6ad0,0x00000000c4300000)
 Metaspace       used 49777K, committed 50880K, reserved 1114112K
  class space    used 5374K, committed 5824K, reserved 1048576K

Card table byte_map: [0x000001f45daa0000,0x000001f45dcb0000] _byte_map_base: 0x000001f45d4a0000

Marking Bits: (ParMarkBitMap*) 0x00007ff8f58731f0
 Begin Bits: [0x000001f45de10000, 0x000001f45ee10000)
 End Bits:   [0x000001f45ee10000, 0x000001f45fe10000)

Polling page: 0x000001f449e00000

Metaspace:

Usage:
  Non-class:     43.36 MB used.
      Class:      5.25 MB used.
       Both:     48.61 MB used.

Virtual space:
  Non-class space:       64.00 MB reserved,      44.00 MB ( 69%) committed,  1 nodes.
      Class space:        1.00 GB reserved,       5.69 MB ( <1%) committed,  1 nodes.
             Both:        1.06 GB reserved,      49.69 MB (  5%) committed. 

Chunk freelists:
   Non-Class:  3.55 MB
       Class:  10.13 MB
        Both:  13.68 MB

MaxMetaspaceSize: unlimited
CompressedClassSpaceSize: 1.00 GB
Initial GC threshold: 21.00 MB
Current GC threshold: 58.38 MB
CDS: on
 - commit_granule_bytes: 65536.
 - commit_granule_words: 8192.
 - virtual_space_node_default_size: 8388608.
 - enlarge_chunks_in_place: 1.
 - use_allocation_guard: 0.


Internal statistics:

num_allocs_failed_limit: 6.
num_arena_births: 796.
num_arena_deaths: 26.
num_vsnodes_births: 2.
num_vsnodes_deaths: 0.
num_space_committed: 795.
num_space_uncommitted: 0.
num_chunks_returned_to_freelist: 35.
num_chunks_taken_from_freelist: 2789.
num_chunk_merges: 12.
num_chunk_splits: 1752.
num_chunks_enlarged: 1049.
num_inconsistent_stats: 0.

CodeHeap 'non-profiled nmethods': size=120000Kb used=3036Kb max_used=3036Kb free=116963Kb
 bounds [0x000001f456390000, 0x000001f456690000, 0x000001f45d8c0000]
CodeHeap 'profiled nmethods': size=120000Kb used=12207Kb max_used=12207Kb free=107792Kb
 bounds [0x000001f44e8c0000, 0x000001f44f4b0000, 0x000001f455df0000]
CodeHeap 'non-nmethods': size=5760Kb used=1402Kb max_used=1499Kb free=4357Kb
 bounds [0x000001f455df0000, 0x000001f456060000, 0x000001f456390000]
 total_blobs=6617 nmethods=5915 adapters=608
 compilation: enabled
              stopped_count=0, restarted_count=0
 full_count=0

Compilation events (20 events):
Event: 7.819 Thread 0x000001f461bd0060 nmethod 6451 0x000001f44f488310 code [0x000001f44f488a80, 0x000001f44f48c5a8]
Event: 7.819 Thread 0x000001f461bd0060 6452       3       sun.nio.fs.NativeBuffer::release (5 bytes)
Event: 7.819 Thread 0x000001f461bd0060 nmethod 6452 0x000001f44f48db10 code [0x000001f44f48dcc0, 0x000001f44f48ddf8]
Event: 7.819 Thread 0x000001f461bd0060 6454       3       java.util.regex.Pattern::skip (23 bytes)
Event: 7.819 Thread 0x000001f461bd0060 nmethod 6454 0x000001f44f48de90 code [0x000001f44f48e040, 0x000001f44f48e188]
Event: 7.820 Thread 0x000001f461bd0060 6453       1       sun.nio.fs.WindowsPath::getPathForExceptionMessage (5 bytes)
Event: 7.820 Thread 0x000001f461bd0060 nmethod 6453 0x000001f45667a610 code [0x000001f45667a7a0, 0x000001f45667a868]
Event: 7.821 Thread 0x000001f461bd0060 6457       3       java.util.regex.Pattern$CharPropertyGreedy::<init> (18 bytes)
Event: 7.821 Thread 0x000001f461bd0060 nmethod 6457 0x000001f44f48e290 code [0x000001f44f48e440, 0x000001f44f48e648]
Event: 7.821 Thread 0x000001f461bd0060 6458       3       java.util.regex.Pattern$Begin::match (62 bytes)
Event: 7.821 Thread 0x000001f461bd0060 nmethod 6458 0x000001f44f48e790 code [0x000001f44f48e960, 0x000001f44f48ec90]
Event: 7.824 Thread 0x000001f461bd0060 6459       3       java.util.regex.Pattern::curly (66 bytes)
Event: 7.825 Thread 0x000001f461bd0060 nmethod 6459 0x000001f44f48ee10 code [0x000001f44f48f060, 0x000001f44f48fc38]
Event: 7.828 Thread 0x000001f461bd0060 6460       3       java.util.LinkedHashMap::sequencedKeySet (31 bytes)
Event: 7.829 Thread 0x000001f461bd0060 nmethod 6460 0x000001f44f48ff90 code [0x000001f44f490160, 0x000001f44f4905d8]
Event: 7.829 Thread 0x000001f461bd0060 6461       3       sun.nio.fs.Globs::toRegexPattern (745 bytes)
Event: 7.837 Thread 0x000001f461bd0060 nmethod 6461 0x000001f44f490790 code [0x000001f44f4911e0, 0x000001f44f497078]
Event: 7.837 Thread 0x000001f461bd0060 6465       3       java.util.regex.Pattern::escape (1310 bytes)
Event: 7.841 Thread 0x000001f4601e1bc0 nmethod 6346% 0x000001f45667b110 code [0x000001f45667b5c0, 0x000001f45667fbb8]
Event: 7.842 Thread 0x000001f4601e1bc0 6419 % !   4       lombok.patcher.ScriptManager$OurClassFileTransformer::transform @ 175 (364 bytes)

GC Heap History (20 events):
Event: 5.244 GC heap before
{Heap before GC invocations=12 (full 1):
 PSYoungGen      total 25088K, used 24960K [0x00000000eab00000, 0x00000000ecb00000, 0x0000000100000000)
  eden space 23040K, 100% used [0x00000000eab00000,0x00000000ec180000,0x00000000ec180000)
  from space 2048K, 93% used [0x00000000ec900000,0x00000000ecae01c8,0x00000000ecb00000)
  to   space 2560K, 0% used [0x00000000ec600000,0x00000000ec600000,0x00000000ec880000)
 ParOldGen       total 68608K, used 14110K [0x00000000c0000000, 0x00000000c4300000, 0x00000000eab00000)
  object space 68608K, 20% used [0x00000000c0000000,0x00000000c0dc7b20,0x00000000c4300000)
 Metaspace       used 29880K, committed 30848K, reserved 1114112K
  class space    used 2874K, committed 3264K, reserved 1048576K
}
Event: 5.247 GC heap after
{Heap after GC invocations=12 (full 1):
 PSYoungGen      total 25088K, used 2181K [0x00000000eab00000, 0x00000000ec980000, 0x0000000100000000)
  eden space 22528K, 0% used [0x00000000eab00000,0x00000000eab00000,0x00000000ec100000)
  from space 2560K, 85% used [0x00000000ec600000,0x00000000ec821508,0x00000000ec880000)
  to   space 1024K, 0% used [0x00000000ec880000,0x00000000ec880000,0x00000000ec980000)
 ParOldGen       total 68608K, used 15904K [0x00000000c0000000, 0x00000000c4300000, 0x00000000eab00000)
  object space 68608K, 23% used [0x00000000c0000000,0x00000000c0f88090,0x00000000c4300000)
 Metaspace       used 29880K, committed 30848K, reserved 1114112K
  class space    used 2874K, committed 3264K, reserved 1048576K
}
Event: 5.442 GC heap before
{Heap before GC invocations=13 (full 1):
 PSYoungGen      total 25088K, used 24694K [0x00000000eab00000, 0x00000000ec980000, 0x0000000100000000)
  eden space 22528K, 99% used [0x00000000eab00000,0x00000000ec0fc358,0x00000000ec100000)
  from space 2560K, 85% used [0x00000000ec600000,0x00000000ec821508,0x00000000ec880000)
  to   space 1024K, 0% used [0x00000000ec880000,0x00000000ec880000,0x00000000ec980000)
 ParOldGen       total 68608K, used 15904K [0x00000000c0000000, 0x00000000c4300000, 0x00000000eab00000)
  object space 68608K, 23% used [0x00000000c0000000,0x00000000c0f88090,0x00000000c4300000)
 Metaspace       used 32938K, committed 33984K, reserved 1114112K
  class space    used 3260K, committed 3648K, reserved 1048576K
}
Event: 5.447 GC heap after
{Heap after GC invocations=13 (full 1):
 PSYoungGen      total 23040K, used 1024K [0x00000000eab00000, 0x00000000ecd80000, 0x0000000100000000)
  eden space 22016K, 0% used [0x00000000eab00000,0x00000000eab00000,0x00000000ec080000)
  from space 1024K, 100% used [0x00000000ec880000,0x00000000ec980000,0x00000000ec980000)
  to   space 6656K, 0% used [0x00000000ec080000,0x00000000ec080000,0x00000000ec700000)
 ParOldGen       total 68608K, used 20440K [0x00000000c0000000, 0x00000000c4300000, 0x00000000eab00000)
  object space 68608K, 29% used [0x00000000c0000000,0x00000000c13f6338,0x00000000c4300000)
 Metaspace       used 32938K, committed 33984K, reserved 1114112K
  class space    used 3260K, committed 3648K, reserved 1048576K
}
Event: 5.558 GC heap before
{Heap before GC invocations=14 (full 1):
 PSYoungGen      total 23040K, used 17711K [0x00000000eab00000, 0x00000000ecd80000, 0x0000000100000000)
  eden space 22016K, 75% used [0x00000000eab00000,0x00000000ebb4bf78,0x00000000ec080000)
  from space 1024K, 100% used [0x00000000ec880000,0x00000000ec980000,0x00000000ec980000)
  to   space 6656K, 0% used [0x00000000ec080000,0x00000000ec080000,0x00000000ec700000)
 ParOldGen       total 68608K, used 20440K [0x00000000c0000000, 0x00000000c4300000, 0x00000000eab00000)
  object space 68608K, 29% used [0x00000000c0000000,0x00000000c13f6338,0x00000000c4300000)
 Metaspace       used 34868K, committed 35840K, reserved 1114112K
  class space    used 3509K, committed 3904K, reserved 1048576K
}
Event: 5.561 GC heap after
{Heap after GC invocations=14 (full 1):
 PSYoungGen      total 23552K, used 1472K [0x00000000eab00000, 0x00000000ec900000, 0x0000000100000000)
  eden space 22016K, 0% used [0x00000000eab00000,0x00000000eab00000,0x00000000ec080000)
  from space 1536K, 95% used [0x00000000ec080000,0x00000000ec1f0000,0x00000000ec200000)
  to   space 3072K, 0% used [0x00000000ec600000,0x00000000ec600000,0x00000000ec900000)
 ParOldGen       total 68608K, used 21311K [0x00000000c0000000, 0x00000000c4300000, 0x00000000eab00000)
  object space 68608K, 31% used [0x00000000c0000000,0x00000000c14cfed8,0x00000000c4300000)
 Metaspace       used 34868K, committed 35840K, reserved 1114112K
  class space    used 3509K, committed 3904K, reserved 1048576K
}
Event: 5.561 GC heap before
{Heap before GC invocations=15 (full 2):
 PSYoungGen      total 23552K, used 1472K [0x00000000eab00000, 0x00000000ec900000, 0x0000000100000000)
  eden space 22016K, 0% used [0x00000000eab00000,0x00000000eab00000,0x00000000ec080000)
  from space 1536K, 95% used [0x00000000ec080000,0x00000000ec1f0000,0x00000000ec200000)
  to   space 3072K, 0% used [0x00000000ec600000,0x00000000ec600000,0x00000000ec900000)
 ParOldGen       total 68608K, used 21311K [0x00000000c0000000, 0x00000000c4300000, 0x00000000eab00000)
  object space 68608K, 31% used [0x00000000c0000000,0x00000000c14cfed8,0x00000000c4300000)
 Metaspace       used 34868K, committed 35840K, reserved 1114112K
  class space    used 3509K, committed 3904K, reserved 1048576K
}
Event: 5.595 GC heap after
{Heap after GC invocations=15 (full 2):
 PSYoungGen      total 23552K, used 0K [0x00000000eab00000, 0x00000000ec900000, 0x0000000100000000)
  eden space 22016K, 0% used [0x00000000eab00000,0x00000000eab00000,0x00000000ec080000)
  from space 1536K, 0% used [0x00000000ec080000,0x00000000ec080000,0x00000000ec200000)
  to   space 3072K, 0% used [0x00000000ec600000,0x00000000ec600000,0x00000000ec900000)
 ParOldGen       total 68608K, used 19060K [0x00000000c0000000, 0x00000000c4300000, 0x00000000eab00000)
  object space 68608K, 27% used [0x00000000c0000000,0x00000000c129d168,0x00000000c4300000)
 Metaspace       used 34857K, committed 35840K, reserved 1114112K
  class space    used 3507K, committed 3904K, reserved 1048576K
}
Event: 5.821 GC heap before
{Heap before GC invocations=16 (full 2):
 PSYoungGen      total 23552K, used 22016K [0x00000000eab00000, 0x00000000ec900000, 0x0000000100000000)
  eden space 22016K, 100% used [0x00000000eab00000,0x00000000ec080000,0x00000000ec080000)
  from space 1536K, 0% used [0x00000000ec080000,0x00000000ec080000,0x00000000ec200000)
  to   space 3072K, 0% used [0x00000000ec600000,0x00000000ec600000,0x00000000ec900000)
 ParOldGen       total 68608K, used 19060K [0x00000000c0000000, 0x00000000c4300000, 0x00000000eab00000)
  object space 68608K, 27% used [0x00000000c0000000,0x00000000c129d168,0x00000000c4300000)
 Metaspace       used 38016K, committed 39040K, reserved 1114112K
  class space    used 3912K, committed 4352K, reserved 1048576K
}
Event: 5.823 GC heap after
{Heap after GC invocations=16 (full 2):
 PSYoungGen      total 23552K, used 1193K [0x00000000eab00000, 0x00000000ec780000, 0x0000000100000000)
  eden space 22016K, 0% used [0x00000000eab00000,0x00000000eab00000,0x00000000ec080000)
  from space 1536K, 77% used [0x00000000ec600000,0x00000000ec72a480,0x00000000ec780000)
  to   space 2048K, 0% used [0x00000000ec380000,0x00000000ec380000,0x00000000ec580000)
 ParOldGen       total 68608K, used 19068K [0x00000000c0000000, 0x00000000c4300000, 0x00000000eab00000)
  object space 68608K, 27% used [0x00000000c0000000,0x00000000c129f168,0x00000000c4300000)
 Metaspace       used 38016K, committed 39040K, reserved 1114112K
  class space    used 3912K, committed 4352K, reserved 1048576K
}
Event: 6.125 GC heap before
{Heap before GC invocations=17 (full 2):
 PSYoungGen      total 23552K, used 23209K [0x00000000eab00000, 0x00000000ec780000, 0x0000000100000000)
  eden space 22016K, 100% used [0x00000000eab00000,0x00000000ec080000,0x00000000ec080000)
  from space 1536K, 77% used [0x00000000ec600000,0x00000000ec72a480,0x00000000ec780000)
  to   space 2048K, 0% used [0x00000000ec380000,0x00000000ec380000,0x00000000ec580000)
 ParOldGen       total 68608K, used 19068K [0x00000000c0000000, 0x00000000c4300000, 0x00000000eab00000)
  object space 68608K, 27% used [0x00000000c0000000,0x00000000c129f168,0x00000000c4300000)
 Metaspace       used 40067K, committed 41152K, reserved 1114112K
  class space    used 4176K, committed 4608K, reserved 1048576K
}
Event: 6.128 GC heap after
{Heap after GC invocations=17 (full 2):
 PSYoungGen      total 23552K, used 1056K [0x00000000eab00000, 0x00000000ec680000, 0x0000000100000000)
  eden space 22016K, 0% used [0x00000000eab00000,0x00000000eab00000,0x00000000ec080000)
  from space 1536K, 68% used [0x00000000ec380000,0x00000000ec488000,0x00000000ec500000)
  to   space 1536K, 0% used [0x00000000ec500000,0x00000000ec500000,0x00000000ec680000)
 ParOldGen       total 68608K, used 19999K [0x00000000c0000000, 0x00000000c4300000, 0x00000000eab00000)
  object space 68608K, 29% used [0x00000000c0000000,0x00000000c1387ce0,0x00000000c4300000)
 Metaspace       used 40067K, committed 41152K, reserved 1114112K
  class space    used 4176K, committed 4608K, reserved 1048576K
}
Event: 6.370 GC heap before
{Heap before GC invocations=18 (full 2):
 PSYoungGen      total 23552K, used 23072K [0x00000000eab00000, 0x00000000ec680000, 0x0000000100000000)
  eden space 22016K, 100% used [0x00000000eab00000,0x00000000ec080000,0x00000000ec080000)
  from space 1536K, 68% used [0x00000000ec380000,0x00000000ec488000,0x00000000ec500000)
  to   space 1536K, 0% used [0x00000000ec500000,0x00000000ec500000,0x00000000ec680000)
 ParOldGen       total 68608K, used 19999K [0x00000000c0000000, 0x00000000c4300000, 0x00000000eab00000)
  object space 68608K, 29% used [0x00000000c0000000,0x00000000c1387ce0,0x00000000c4300000)
 Metaspace       used 41966K, committed 43008K, reserved 1114112K
  class space    used 4427K, committed 4864K, reserved 1048576K
}
Event: 6.373 GC heap after
{Heap after GC invocations=18 (full 2):
 PSYoungGen      total 23040K, used 672K [0x00000000eab00000, 0x00000000ec600000, 0x0000000100000000)
  eden space 22016K, 0% used [0x00000000eab00000,0x00000000eab00000,0x00000000ec080000)
  from space 1024K, 65% used [0x00000000ec500000,0x00000000ec5a8000,0x00000000ec600000)
  to   space 1024K, 0% used [0x00000000ec400000,0x00000000ec400000,0x00000000ec500000)
 ParOldGen       total 68608K, used 20855K [0x00000000c0000000, 0x00000000c4300000, 0x00000000eab00000)
  object space 68608K, 30% used [0x00000000c0000000,0x00000000c145dce0,0x00000000c4300000)
 Metaspace       used 41966K, committed 43008K, reserved 1114112K
  class space    used 4427K, committed 4864K, reserved 1048576K
}
Event: 6.727 GC heap before
{Heap before GC invocations=19 (full 2):
 PSYoungGen      total 23040K, used 22688K [0x00000000eab00000, 0x00000000ec600000, 0x0000000100000000)
  eden space 22016K, 100% used [0x00000000eab00000,0x00000000ec080000,0x00000000ec080000)
  from space 1024K, 65% used [0x00000000ec500000,0x00000000ec5a8000,0x00000000ec600000)
  to   space 1024K, 0% used [0x00000000ec400000,0x00000000ec400000,0x00000000ec500000)
 ParOldGen       total 68608K, used 20855K [0x00000000c0000000, 0x00000000c4300000, 0x00000000eab00000)
  object space 68608K, 30% used [0x00000000c0000000,0x00000000c145dce0,0x00000000c4300000)
 Metaspace       used 44376K, committed 45504K, reserved 1114112K
  class space    used 4734K, committed 5184K, reserved 1048576K
}
Event: 6.729 GC heap after
{Heap after GC invocations=19 (full 2):
 PSYoungGen      total 23040K, used 1024K [0x00000000eab00000, 0x00000000ec580000, 0x0000000100000000)
  eden space 22016K, 0% used [0x00000000eab00000,0x00000000eab00000,0x00000000ec080000)
  from space 1024K, 100% used [0x00000000ec400000,0x00000000ec500000,0x00000000ec500000)
  to   space 512K, 0% used [0x00000000ec500000,0x00000000ec500000,0x00000000ec580000)
 ParOldGen       total 68608K, used 22079K [0x00000000c0000000, 0x00000000c4300000, 0x00000000eab00000)
  object space 68608K, 32% used [0x00000000c0000000,0x00000000c158fd10,0x00000000c4300000)
 Metaspace       used 44376K, committed 45504K, reserved 1114112K
  class space    used 4734K, committed 5184K, reserved 1048576K
}
Event: 7.235 GC heap before
{Heap before GC invocations=20 (full 2):
 PSYoungGen      total 23040K, used 23040K [0x00000000eab00000, 0x00000000ec580000, 0x0000000100000000)
  eden space 22016K, 100% used [0x00000000eab00000,0x00000000ec080000,0x00000000ec080000)
  from space 1024K, 100% used [0x00000000ec400000,0x00000000ec500000,0x00000000ec500000)
  to   space 512K, 0% used [0x00000000ec500000,0x00000000ec500000,0x00000000ec580000)
 ParOldGen       total 68608K, used 22079K [0x00000000c0000000, 0x00000000c4300000, 0x00000000eab00000)
  object space 68608K, 32% used [0x00000000c0000000,0x00000000c158fd10,0x00000000c4300000)
 Metaspace       used 46985K, committed 48128K, reserved 1114112K
  class space    used 5082K, committed 5568K, reserved 1048576K
}
Event: 7.238 GC heap after
{Heap after GC invocations=20 (full 2):
 PSYoungGen      total 22528K, used 512K [0x00000000eab00000, 0x00000000ec580000, 0x0000000100000000)
  eden space 22016K, 0% used [0x00000000eab00000,0x00000000eab00000,0x00000000ec080000)
  from space 512K, 100% used [0x00000000ec500000,0x00000000ec580000,0x00000000ec580000)
  to   space 2560K, 0% used [0x00000000ec080000,0x00000000ec080000,0x00000000ec300000)
 ParOldGen       total 68608K, used 23886K [0x00000000c0000000, 0x00000000c4300000, 0x00000000eab00000)
  object space 68608K, 34% used [0x00000000c0000000,0x00000000c1753ac0,0x00000000c4300000)
 Metaspace       used 46985K, committed 48128K, reserved 1114112K
  class space    used 5082K, committed 5568K, reserved 1048576K
}
Event: 7.736 GC heap before
{Heap before GC invocations=21 (full 2):
 PSYoungGen      total 22528K, used 22528K [0x00000000eab00000, 0x00000000ec580000, 0x0000000100000000)
  eden space 22016K, 100% used [0x00000000eab00000,0x00000000ec080000,0x00000000ec080000)
  from space 512K, 100% used [0x00000000ec500000,0x00000000ec580000,0x00000000ec580000)
  to   space 2560K, 0% used [0x00000000ec080000,0x00000000ec080000,0x00000000ec300000)
 ParOldGen       total 68608K, used 23886K [0x00000000c0000000, 0x00000000c4300000, 0x00000000eab00000)
  object space 68608K, 34% used [0x00000000c0000000,0x00000000c1753ac0,0x00000000c4300000)
 Metaspace       used 49222K, committed 50368K, reserved 1114112K
  class space    used 5321K, committed 5824K, reserved 1048576K
}
Event: 7.738 GC heap after
{Heap after GC invocations=21 (full 2):
 PSYoungGen      total 24576K, used 1049K [0x00000000eab00000, 0x00000000ec580000, 0x0000000100000000)
  eden space 22016K, 0% used [0x00000000eab00000,0x00000000eab00000,0x00000000ec080000)
  from space 2560K, 40% used [0x00000000ec080000,0x00000000ec186580,0x00000000ec300000)
  to   space 1536K, 0% used [0x00000000ec400000,0x00000000ec400000,0x00000000ec580000)
 ParOldGen       total 68608K, used 24410K [0x00000000c0000000, 0x00000000c4300000, 0x00000000eab00000)
  object space 68608K, 35% used [0x00000000c0000000,0x00000000c17d6ad0,0x00000000c4300000)
 Metaspace       used 49222K, committed 50368K, reserved 1114112K
  class space    used 5321K, committed 5824K, reserved 1048576K
}

Dll operation events (14 events):
Event: 0.015 Loaded shared library c:\Users\aswin\.vscode\extensions\redhat.java-1.42.0-win32-x64\jre\21.0.7-win32-x86_64\bin\java.dll
Event: 0.092 Loaded shared library c:\Users\aswin\.vscode\extensions\redhat.java-1.42.0-win32-x64\jre\21.0.7-win32-x86_64\bin\zip.dll
Event: 0.118 Loaded shared library C:\Users\aswin\.vscode\extensions\redhat.java-1.42.0-win32-x64\jre\21.0.7-win32-x86_64\bin\instrument.dll
Event: 0.124 Loaded shared library C:\Users\aswin\.vscode\extensions\redhat.java-1.42.0-win32-x64\jre\21.0.7-win32-x86_64\bin\net.dll
Event: 0.128 Loaded shared library C:\Users\aswin\.vscode\extensions\redhat.java-1.42.0-win32-x64\jre\21.0.7-win32-x86_64\bin\nio.dll
Event: 0.132 Loaded shared library C:\Users\aswin\.vscode\extensions\redhat.java-1.42.0-win32-x64\jre\21.0.7-win32-x86_64\bin\zip.dll
Event: 0.158 Loaded shared library C:\Users\aswin\.vscode\extensions\redhat.java-1.42.0-win32-x64\jre\21.0.7-win32-x86_64\bin\jimage.dll
Event: 0.277 Loaded shared library c:\Users\aswin\.vscode\extensions\redhat.java-1.42.0-win32-x64\jre\21.0.7-win32-x86_64\bin\verify.dll
Event: 1.744 Loaded shared library C:\Users\aswin\AppData\Roaming\Code\User\globalStorage\redhat.java\1.42.0\config_win\org.eclipse.equinox.launcher\org.eclipse.equinox.launcher.win32.win32.x86_64_1.2.1300.v20250331-1702\eclipse_11911.dll
Event: 3.516 Loaded shared library C:\Users\aswin\.vscode\extensions\redhat.java-1.42.0-win32-x64\jre\21.0.7-win32-x86_64\bin\management.dll
Event: 3.523 Loaded shared library C:\Users\aswin\.vscode\extensions\redhat.java-1.42.0-win32-x64\jre\21.0.7-win32-x86_64\bin\management_ext.dll
Event: 5.120 Loaded shared library C:\Users\aswin\AppData\Local\Temp\jna-93125226\jna1382435671711990721.dll
Event: 5.256 Loaded shared library C:\Users\aswin\.vscode\extensions\redhat.java-1.42.0-win32-x64\jre\21.0.7-win32-x86_64\bin\sunmscapi.dll
Event: 5.751 Loaded shared library C:\Users\aswin\.vscode\extensions\redhat.java-1.42.0-win32-x64\jre\21.0.7-win32-x86_64\bin\extnet.dll

Deoptimization events (20 events):
Event: 7.545 Thread 0x000001f467638950 Uncommon trap: trap_request=0xffffffc6 fr.pc=0x000001f4564d3528 relative=0x0000000000000648
Event: 7.545 Thread 0x000001f467638950 Uncommon trap: reason=bimorphic_or_optimized_type_check action=maybe_recompile pc=0x000001f4564d3528 method=java.util.Comparator.lambda$thenComparing$36697e65$1(Ljava/util/Comparator;Ljava/lang/Object;Ljava/lang/Object;)I @ 3 c2
Event: 7.545 Thread 0x000001f467638950 DEOPT PACKING pc=0x000001f4564d3528 sp=0x00000039fc3fe250
Event: 7.545 Thread 0x000001f467638950 DEOPT UNPACKING pc=0x000001f455e43aa2 sp=0x00000039fc3fe178 mode 2
Event: 7.545 Thread 0x000001f467638950 Uncommon trap: trap_request=0xffffffc6 fr.pc=0x000001f4564d3528 relative=0x0000000000000648
Event: 7.545 Thread 0x000001f467638950 Uncommon trap: reason=bimorphic_or_optimized_type_check action=maybe_recompile pc=0x000001f4564d3528 method=java.util.Comparator.lambda$thenComparing$36697e65$1(Ljava/util/Comparator;Ljava/lang/Object;Ljava/lang/Object;)I @ 3 c2
Event: 7.545 Thread 0x000001f467638950 DEOPT PACKING pc=0x000001f4564d3528 sp=0x00000039fc3fe250
Event: 7.545 Thread 0x000001f467638950 DEOPT UNPACKING pc=0x000001f455e43aa2 sp=0x00000039fc3fe178 mode 2
Event: 7.549 Thread 0x000001f467638950 Uncommon trap: trap_request=0xffffffc6 fr.pc=0x000001f45649402c relative=0x0000000000000fcc
Event: 7.549 Thread 0x000001f467638950 Uncommon trap: reason=bimorphic_or_optimized_type_check action=maybe_recompile pc=0x000001f45649402c method=java.util.Properties$LineReader.readLine()I @ 479 c2
Event: 7.549 Thread 0x000001f467638950 DEOPT PACKING pc=0x000001f45649402c sp=0x00000039fc3fe0b0
Event: 7.549 Thread 0x000001f467638950 DEOPT UNPACKING pc=0x000001f455e43aa2 sp=0x00000039fc3fe040 mode 2
Event: 7.555 Thread 0x000001f467638950 DEOPT PACKING pc=0x000001f44e9833ee sp=0x00000039fc3fdfd0
Event: 7.555 Thread 0x000001f467638950 DEOPT UNPACKING pc=0x000001f455e44242 sp=0x00000039fc3fd550 mode 0
Event: 7.799 Thread 0x000001f466fb8b20 Uncommon trap: trap_request=0xffffff45 fr.pc=0x000001f4564588f0 relative=0x0000000000000330
Event: 7.799 Thread 0x000001f466fb8b20 Uncommon trap: reason=unstable_if action=reinterpret pc=0x000001f4564588f0 method=java.util.regex.Pattern.newSlice([IIZ)Ljava/util/regex/Pattern$Node; @ 10 c2
Event: 7.799 Thread 0x000001f466fb8b20 DEOPT PACKING pc=0x000001f4564588f0 sp=0x00000039faefeba0
Event: 7.799 Thread 0x000001f466fb8b20 DEOPT UNPACKING pc=0x000001f455e43aa2 sp=0x00000039faefeb20 mode 2
Event: 7.821 Thread 0x000001f466fb8b20 DEOPT PACKING pc=0x000001f44f3f3f46 sp=0x00000039faefeca0
Event: 7.821 Thread 0x000001f466fb8b20 DEOPT UNPACKING pc=0x000001f455e44242 sp=0x00000039faefe220 mode 0

Classes loaded (20 events):
Event: 7.793 Loading class java/util/concurrent/CompletionException
Event: 7.793 Loading class java/util/concurrent/CompletionException done
Event: 7.796 Loading class java/nio/file/FileVisitOption
Event: 7.796 Loading class java/nio/file/FileVisitOption done
Event: 7.797 Loading class java/nio/file/SimpleFileVisitor
Event: 7.797 Loading class java/nio/file/SimpleFileVisitor done
Event: 7.797 Loading class java/nio/file/FileTreeWalker
Event: 7.797 Loading class java/nio/file/FileTreeWalker done
Event: 7.798 Loading class java/nio/file/FileTreeWalker$1
Event: 7.798 Loading class java/nio/file/FileTreeWalker$1 done
Event: 7.798 Loading class java/nio/file/FileTreeWalker$DirectoryNode
Event: 7.798 Loading class java/nio/file/FileTreeWalker$DirectoryNode done
Event: 7.798 Loading class java/nio/file/FileTreeWalker$Event
Event: 7.798 Loading class java/nio/file/FileTreeWalker$Event done
Event: 7.798 Loading class java/nio/file/FileTreeWalker$EventType
Event: 7.798 Loading class java/nio/file/FileTreeWalker$EventType done
Event: 7.798 Loading class java/nio/file/Files$3
Event: 7.798 Loading class java/nio/file/Files$3 done
Event: 7.800 Loading class java/nio/file/FileVisitResult
Event: 7.800 Loading class java/nio/file/FileVisitResult done

Classes unloaded (13 events):
Event: 4.306 Thread 0x000001f44b6a08a0 Unloading class 0x000001f4011a5400 'java/lang/invoke/LambdaForm$MH+0x000001f4011a5400'
Event: 4.306 Thread 0x000001f44b6a08a0 Unloading class 0x000001f4011a5000 'java/lang/invoke/LambdaForm$MH+0x000001f4011a5000'
Event: 4.306 Thread 0x000001f44b6a08a0 Unloading class 0x000001f4011a4c00 'java/lang/invoke/LambdaForm$MH+0x000001f4011a4c00'
Event: 4.306 Thread 0x000001f44b6a08a0 Unloading class 0x000001f4011a4800 'java/lang/invoke/LambdaForm$MH+0x000001f4011a4800'
Event: 4.306 Thread 0x000001f44b6a08a0 Unloading class 0x000001f4011a4400 'java/lang/invoke/LambdaForm$BMH+0x000001f4011a4400'
Event: 4.306 Thread 0x000001f44b6a08a0 Unloading class 0x000001f4011a4000 'java/lang/invoke/LambdaForm$DMH+0x000001f4011a4000'
Event: 4.306 Thread 0x000001f44b6a08a0 Unloading class 0x000001f4011a2c00 'java/lang/invoke/LambdaForm$DMH+0x000001f4011a2c00'
Event: 5.569 Thread 0x000001f44b6a08a0 Unloading class 0x000001f401319800 'java/lang/invoke/LambdaForm$MH+0x000001f401319800'
Event: 5.569 Thread 0x000001f44b6a08a0 Unloading class 0x000001f401318c00 'java/lang/invoke/LambdaForm$MH+0x000001f401318c00'
Event: 5.569 Thread 0x000001f44b6a08a0 Unloading class 0x000001f401318400 'java/lang/invoke/LambdaForm$MH+0x000001f401318400'
Event: 5.569 Thread 0x000001f44b6a08a0 Unloading class 0x000001f401317c00 'java/lang/invoke/LambdaForm$MH+0x000001f401317c00'
Event: 5.569 Thread 0x000001f44b6a08a0 Unloading class 0x000001f401317400 'java/lang/invoke/LambdaForm$DMH+0x000001f401317400'
Event: 5.569 Thread 0x000001f44b6a08a0 Unloading class 0x000001f401316c00 'java/lang/invoke/LambdaForm$MH+0x000001f401316c00'

Classes redefined (0 events):
No events

Internal exceptions (20 events):
Event: 7.838 Thread 0x000001f466fb8b20 Exception <a 'sun/nio/fs/WindowsException'{0x00000000eaf15e78}> (0x00000000eaf15e78) 
thrown [s\src\hotspot\share\prims\jni.cpp, line 520]
Event: 7.838 Thread 0x000001f466fb8b20 Exception <a 'sun/nio/fs/WindowsException'{0x00000000eaf165e8}> (0x00000000eaf165e8) 
thrown [s\src\hotspot\share\prims\jni.cpp, line 520]
Event: 7.838 Thread 0x000001f466fb8b20 Exception <a 'sun/nio/fs/WindowsException'{0x00000000eaf16d58}> (0x00000000eaf16d58) 
thrown [s\src\hotspot\share\prims\jni.cpp, line 520]
Event: 7.838 Thread 0x000001f466fb8b20 Exception <a 'sun/nio/fs/WindowsException'{0x00000000eaf174e0}> (0x00000000eaf174e0) 
thrown [s\src\hotspot\share\prims\jni.cpp, line 520]
Event: 7.839 Thread 0x000001f466fb8b20 Exception <a 'sun/nio/fs/WindowsException'{0x00000000eaf1b258}> (0x00000000eaf1b258) 
thrown [s\src\hotspot\share\prims\jni.cpp, line 520]
Event: 7.839 Thread 0x000001f466fb8b20 Exception <a 'sun/nio/fs/WindowsException'{0x00000000eaf1b908}> (0x00000000eaf1b908) 
thrown [s\src\hotspot\share\prims\jni.cpp, line 520]
Event: 7.839 Thread 0x000001f466fb8b20 Exception <a 'sun/nio/fs/WindowsException'{0x00000000eaf1bfb8}> (0x00000000eaf1bfb8) 
thrown [s\src\hotspot\share\prims\jni.cpp, line 520]
Event: 7.840 Thread 0x000001f466fb8b20 Exception <a 'sun/nio/fs/WindowsException'{0x00000000eaf1c680}> (0x00000000eaf1c680) 
thrown [s\src\hotspot\share\prims\jni.cpp, line 520]
Event: 7.840 Thread 0x000001f466fb8b20 Exception <a 'sun/nio/fs/WindowsException'{0x00000000eaf20098}> (0x00000000eaf20098) 
thrown [s\src\hotspot\share\prims\jni.cpp, line 520]
Event: 7.840 Thread 0x000001f466fb8b20 Exception <a 'sun/nio/fs/WindowsException'{0x00000000eaf20758}> (0x00000000eaf20758) 
thrown [s\src\hotspot\share\prims\jni.cpp, line 520]
Event: 7.840 Thread 0x000001f466fb8b20 Exception <a 'sun/nio/fs/WindowsException'{0x00000000eaf21108}> (0x00000000eaf21108) 
thrown [s\src\hotspot\share\prims\jni.cpp, line 520]
Event: 7.840 Thread 0x000001f466fb8b20 Exception <a 'sun/nio/fs/WindowsException'{0x00000000eaf217e8}> (0x00000000eaf217e8) 
thrown [s\src\hotspot\share\prims\jni.cpp, line 520]
Event: 7.841 Thread 0x000001f466fb8b20 Exception <a 'sun/nio/fs/WindowsException'{0x00000000eaf24eb0}> (0x00000000eaf24eb0) 
thrown [s\src\hotspot\share\prims\jni.cpp, line 520]
Event: 7.841 Thread 0x000001f466fb8b20 Exception <a 'sun/nio/fs/WindowsException'{0x00000000eaf255a0}> (0x00000000eaf255a0) 
thrown [s\src\hotspot\share\prims\jni.cpp, line 520]
Event: 7.841 Thread 0x000001f466fb8b20 Exception <a 'sun/nio/fs/WindowsException'{0x00000000eaf25c90}> (0x00000000eaf25c90) 
thrown [s\src\hotspot\share\prims\jni.cpp, line 520]
Event: 7.841 Thread 0x000001f466fb8b20 Exception <a 'sun/nio/fs/WindowsException'{0x00000000eaf263a0}> (0x00000000eaf263a0) 
thrown [s\src\hotspot\share\prims\jni.cpp, line 520]
Event: 7.842 Thread 0x000001f466fb8b20 Exception <a 'sun/nio/fs/WindowsException'{0x00000000eaf2a908}> (0x00000000eaf2a908) 
thrown [s\src\hotspot\share\prims\jni.cpp, line 520]
Event: 7.842 Thread 0x000001f466fb8b20 Exception <a 'sun/nio/fs/WindowsException'{0x00000000eaf2afc8}> (0x00000000eaf2afc8) 
thrown [s\src\hotspot\share\prims\jni.cpp, line 520]
Event: 7.842 Thread 0x000001f466fb8b20 Exception <a 'sun/nio/fs/WindowsException'{0x00000000eaf2b688}> (0x00000000eaf2b688) 
thrown [s\src\hotspot\share\prims\jni.cpp, line 520]
Event: 7.842 Thread 0x000001f466fb8b20 Exception <a 'sun/nio/fs/WindowsException'{0x00000000eaf2bd68}> (0x00000000eaf2bd68) 
thrown [s\src\hotspot\share\prims\jni.cpp, line 520]

ZGC Phase Switch (0 events):
No events

VM Operations (20 events):
Event: 6.370 Executing VM operation: ParallelGCFailedAllocation (Allocation Failure)
Event: 6.373 Executing VM operation: ParallelGCFailedAllocation (Allocation Failure) done
Event: 6.387 Executing VM operation: HandshakeAllThreads (Deoptimize)
Event: 6.387 Executing VM operation: HandshakeAllThreads (Deoptimize) done
Event: 6.431 Executing VM operation: HandshakeAllThreads (Deoptimize)
Event: 6.431 Executing VM operation: HandshakeAllThreads (Deoptimize) done
Event: 6.553 Executing VM operation: HandshakeAllThreads (Deoptimize)
Event: 6.553 Executing VM operation: HandshakeAllThreads (Deoptimize) done
Event: 6.727 Executing VM operation: ParallelGCFailedAllocation (Allocation Failure)
Event: 6.730 Executing VM operation: ParallelGCFailedAllocation (Allocation Failure) done
Event: 6.883 Executing VM operation: HandshakeAllThreads (Deoptimize)
Event: 6.883 Executing VM operation: HandshakeAllThreads (Deoptimize) done
Event: 7.217 Executing VM operation: ICBufferFull
Event: 7.217 Executing VM operation: ICBufferFull done
Event: 7.235 Executing VM operation: ParallelGCFailedAllocation (Allocation Failure)
Event: 7.239 Executing VM operation: ParallelGCFailedAllocation (Allocation Failure) done
Event: 7.423 Executing VM operation: HandshakeAllThreads (Deoptimize)
Event: 7.423 Executing VM operation: HandshakeAllThreads (Deoptimize) done
Event: 7.736 Executing VM operation: ParallelGCFailedAllocation (Allocation Failure)
Event: 7.738 Executing VM operation: ParallelGCFailedAllocation (Allocation Failure) done

Memory protections (0 events):
No events

Nmethod flushes (20 events):
Event: 5.577 Thread 0x000001f44b6a08a0 flushing  nmethod 0x000001f44ef0d590
Event: 5.577 Thread 0x000001f44b6a08a0 flushing  nmethod 0x000001f44ef0d990
Event: 5.577 Thread 0x000001f44b6a08a0 flushing  nmethod 0x000001f44ef0e290
Event: 5.577 Thread 0x000001f44b6a08a0 flushing  nmethod 0x000001f44ef0fc90
Event: 5.577 Thread 0x000001f44b6a08a0 flushing  nmethod 0x000001f44ef10410
Event: 5.577 Thread 0x000001f44b6a08a0 flushing  nmethod 0x000001f44ef11990
Event: 5.577 Thread 0x000001f44b6a08a0 flushing  nmethod 0x000001f44ef13210
Event: 5.577 Thread 0x000001f44b6a08a0 flushing  nmethod 0x000001f44ef13710
Event: 5.577 Thread 0x000001f44b6a08a0 flushing  nmethod 0x000001f44ef13b10
Event: 5.577 Thread 0x000001f44b6a08a0 flushing  nmethod 0x000001f44ef14790
Event: 5.577 Thread 0x000001f44b6a08a0 flushing  nmethod 0x000001f44ef1de90
Event: 5.577 Thread 0x000001f44b6a08a0 flushing  nmethod 0x000001f44ef1f490
Event: 5.577 Thread 0x000001f44b6a08a0 flushing  nmethod 0x000001f44ef38410
Event: 5.577 Thread 0x000001f44b6a08a0 flushing  nmethod 0x000001f44ef3ee10
Event: 5.577 Thread 0x000001f44b6a08a0 flushing  nmethod 0x000001f44ef48510
Event: 5.577 Thread 0x000001f44b6a08a0 flushing  nmethod 0x000001f44efd4f90
Event: 5.577 Thread 0x000001f44b6a08a0 flushing  nmethod 0x000001f44eff7b90
Event: 5.577 Thread 0x000001f44b6a08a0 flushing  nmethod 0x000001f44f030f10
Event: 5.577 Thread 0x000001f44b6a08a0 flushing  nmethod 0x000001f44f031790
Event: 5.577 Thread 0x000001f44b6a08a0 flushing  nmethod 0x000001f44f046910

Events (20 events):
Event: 5.139 Thread 0x000001f466732ac0 Thread added: 0x000001f466fb9840
Event: 5.186 Thread 0x000001f466fb8490 Thread added: 0x000001f466fb63c0
Event: 5.187 Thread 0x000001f466fb63c0 Thread added: 0x000001f466fb6a50
Event: 5.230 Thread 0x000001f466fb6a50 Thread added: 0x000001f466fb70e0
Event: 5.279 Thread 0x000001f466fb70e0 Thread added: 0x000001f466fb7e00
Event: 5.311 Thread 0x000001f44b5ff320 Thread added: 0x000001f467636880
Event: 5.312 Thread 0x000001f44b5ff320 Thread added: 0x000001f4676361f0
Event: 5.313 Thread 0x000001f44b5ff320 Thread added: 0x000001f4676375a0
Event: 5.313 Thread 0x000001f44b5ff320 Thread added: 0x000001f467636f10
Event: 5.313 Thread 0x000001f44b5ff320 Thread added: 0x000001f467637c30
Event: 5.313 Thread 0x000001f44b5ff320 Thread added: 0x000001f4676347b0
Event: 5.314 Thread 0x000001f44b5ff320 Thread added: 0x000001f4676354d0
Event: 5.314 Thread 0x000001f44b5ff320 Thread added: 0x000001f4676382c0
Event: 5.314 Thread 0x000001f44b5ff320 Thread added: 0x000001f467634e40
Event: 5.342 Thread 0x000001f44b5ff320 Thread added: 0x000001f467635b60
Event: 5.751 Thread 0x000001f44b5ff320 Thread added: 0x000001f467638fe0
Event: 5.752 Thread 0x000001f44b5ff320 Thread added: 0x000001f467638950
Event: 6.304 Thread 0x000001f466fb6a50 Thread added: 0x000001f46763bdd0
Event: 6.305 Thread 0x000001f46763bdd0 Thread exited: 0x000001f46763bdd0
Event: 6.430 Thread 0x000001f466fb6a50 Thread added: 0x000001f46763a390


Dynamic libraries:
0x00007ff6c77e0000 - 0x00007ff6c77ee000 	c:\Users\aswin\.vscode\extensions\redhat.java-1.42.0-win32-x64\jre\21.0.7-win32-x86_64\bin\java.exe
0x00007ff9b1d00000 - 0x00007ff9b1f65000 	C:\WINDOWS\SYSTEM32\ntdll.dll
0x00007ff9b05e0000 - 0x00007ff9b06a9000 	C:\WINDOWS\System32\KERNEL32.DLL
0x00007ff9af2c0000 - 0x00007ff9af6a8000 	C:\WINDOWS\System32\KERNELBASE.dll
0x00007ff9af140000 - 0x00007ff9af28b000 	C:\WINDOWS\System32\ucrtbase.dll
0x00007ff99bd30000 - 0x00007ff99bd4e000 	c:\Users\aswin\.vscode\extensions\redhat.java-1.42.0-win32-x64\jre\21.0.7-win32-x86_64\bin\VCRUNTIME140.dll
0x00007ff99bda0000 - 0x00007ff99bdb8000 	c:\Users\aswin\.vscode\extensions\redhat.java-1.42.0-win32-x64\jre\21.0.7-win32-x86_64\bin\jli.dll
0x00007ff998710000 - 0x00007ff9989aa000 	C:\WINDOWS\WinSxS\amd64_microsoft.windows.common-controls_6595b64144ccf1df_6.0.26100.4202_none_3e0698d4e335f517\COMCTL32.dll
0x00007ff9b0750000 - 0x00007ff9b091a000 	C:\WINDOWS\System32\USER32.dll
0x00007ff9b1340000 - 0x00007ff9b13e9000 	C:\WINDOWS\System32\msvcrt.dll
0x00007ff9afaa0000 - 0x00007ff9afacb000 	C:\WINDOWS\System32\GDI32.dll
0x00007ff9af290000 - 0x00007ff9af2b7000 	C:\WINDOWS\System32\win32u.dll
0x00007ff9af6b0000 - 0x00007ff9af7e7000 	C:\WINDOWS\System32\gdi32full.dll
0x00007ff9aee50000 - 0x00007ff9aeef3000 	C:\WINDOWS\System32\msvcp_win.dll
0x00007ff9b0420000 - 0x00007ff9b0450000 	C:\WINDOWS\System32\IMM32.DLL
0x00007ff9aa0f0000 - 0x00007ff9aa0fc000 	c:\Users\aswin\.vscode\extensions\redhat.java-1.42.0-win32-x64\jre\21.0.7-win32-x86_64\bin\vcruntime140_1.dll
0x00007ff9486f0000 - 0x00007ff94877d000 	c:\Users\aswin\.vscode\extensions\redhat.java-1.42.0-win32-x64\jre\21.0.7-win32-x86_64\bin\msvcp140.dll
0x00007ff8f4bc0000 - 0x00007ff8f5950000 	c:\Users\aswin\.vscode\extensions\redhat.java-1.42.0-win32-x64\jre\21.0.7-win32-x86_64\bin\server\jvm.dll
0x00007ff9b0f10000 - 0x00007ff9b0fc3000 	C:\WINDOWS\System32\ADVAPI32.dll
0x00007ff9b0ad0000 - 0x00007ff9b0b76000 	C:\WINDOWS\System32\sechost.dll
0x00007ff9b10d0000 - 0x00007ff9b11e5000 	C:\WINDOWS\System32\RPCRT4.dll
0x00007ff9aff10000 - 0x00007ff9aff84000 	C:\WINDOWS\System32\WS2_32.dll
0x00007ff9addb0000 - 0x00007ff9ade0e000 	C:\WINDOWS\SYSTEM32\POWRPROF.dll
0x00007ff9a0da0000 - 0x00007ff9a0dab000 	C:\WINDOWS\SYSTEM32\VERSION.dll
0x00007ff99b040000 - 0x00007ff99b075000 	C:\WINDOWS\SYSTEM32\WINMM.dll
0x00007ff9add90000 - 0x00007ff9adda4000 	C:\WINDOWS\SYSTEM32\UMPDC.dll
0x00007ff9adc70000 - 0x00007ff9adc8b000 	C:\WINDOWS\SYSTEM32\kernel.appcore.dll
0x00007ff9a9700000 - 0x00007ff9a970a000 	c:\Users\aswin\.vscode\extensions\redhat.java-1.42.0-win32-x64\jre\21.0.7-win32-x86_64\bin\jimage.dll
0x00007ff9ac0b0000 - 0x00007ff9ac2f1000 	C:\WINDOWS\SYSTEM32\DBGHELP.DLL
0x00007ff9b0b80000 - 0x00007ff9b0f05000 	C:\WINDOWS\System32\combase.dll
0x00007ff9afc30000 - 0x00007ff9afd11000 	C:\WINDOWS\System32\OLEAUT32.dll
0x00007ff98efb0000 - 0x00007ff98efe9000 	C:\WINDOWS\SYSTEM32\dbgcore.DLL
0x00007ff9af7f0000 - 0x00007ff9af889000 	C:\WINDOWS\System32\bcryptPrimitives.dll
0x00007ff9a1940000 - 0x00007ff9a194f000 	c:\Users\aswin\.vscode\extensions\redhat.java-1.42.0-win32-x64\jre\21.0.7-win32-x86_64\bin\instrument.dll
0x00007ff99bd10000 - 0x00007ff99bd2f000 	c:\Users\aswin\.vscode\extensions\redhat.java-1.42.0-win32-x64\jre\21.0.7-win32-x86_64\bin\java.dll
0x00007ff9b1560000 - 0x00007ff9b1ca2000 	C:\WINDOWS\System32\SHELL32.dll
0x00007ff9af920000 - 0x00007ff9afa94000 	C:\WINDOWS\System32\wintypes.dll
0x00007ff9aca90000 - 0x00007ff9ad2e7000 	C:\WINDOWS\SYSTEM32\windows.storage.dll
0x00007ff9b1240000 - 0x00007ff9b1331000 	C:\WINDOWS\System32\SHCORE.dll
0x00007ff9afad0000 - 0x00007ff9afb3a000 	C:\WINDOWS\System32\shlwapi.dll
0x00007ff9aed60000 - 0x00007ff9aed8f000 	C:\WINDOWS\SYSTEM32\profapi.dll
0x00007ff98ecf0000 - 0x00007ff98ed08000 	c:\Users\aswin\.vscode\extensions\redhat.java-1.42.0-win32-x64\jre\21.0.7-win32-x86_64\bin\zip.dll
0x00007ff9a0060000 - 0x00007ff9a0070000 	C:\Users\aswin\.vscode\extensions\redhat.java-1.42.0-win32-x64\jre\21.0.7-win32-x86_64\bin\net.dll
0x00007ff9a79c0000 - 0x00007ff9a7ade000 	C:\WINDOWS\SYSTEM32\WINHTTP.dll
0x00007ff9ae2a0000 - 0x00007ff9ae30a000 	C:\WINDOWS\system32\mswsock.dll
0x00007ff985cb0000 - 0x00007ff985cc6000 	C:\Users\aswin\.vscode\extensions\redhat.java-1.42.0-win32-x64\jre\21.0.7-win32-x86_64\bin\nio.dll
0x00007ff99bea0000 - 0x00007ff99beb0000 	c:\Users\aswin\.vscode\extensions\redhat.java-1.42.0-win32-x64\jre\21.0.7-win32-x86_64\bin\verify.dll
0x00007ff9486a0000 - 0x00007ff9486e5000 	C:\Users\aswin\AppData\Roaming\Code\User\globalStorage\redhat.java\1.42.0\config_win\org.eclipse.equinox.launcher\org.eclipse.equinox.launcher.win32.win32.x86_64_1.2.1300.v20250331-1702\eclipse_11911.dll
0x00007ff9b0920000 - 0x00007ff9b0abe000 	C:\WINDOWS\System32\ole32.dll
0x00007ff99bd90000 - 0x00007ff99bd9a000 	C:\Users\aswin\.vscode\extensions\redhat.java-1.42.0-win32-x64\jre\21.0.7-win32-x86_64\bin\management.dll
0x00007ff99bd00000 - 0x00007ff99bd0b000 	C:\Users\aswin\.vscode\extensions\redhat.java-1.42.0-win32-x64\jre\21.0.7-win32-x86_64\bin\management_ext.dll
0x00007ff9b1cb0000 - 0x00007ff9b1cb8000 	C:\WINDOWS\System32\PSAPI.DLL
0x00007ff9ae550000 - 0x00007ff9ae56b000 	C:\WINDOWS\SYSTEM32\CRYPTSP.dll
0x00007ff9adbb0000 - 0x00007ff9adbea000 	C:\WINDOWS\system32\rsaenh.dll
0x00007ff9ae340000 - 0x00007ff9ae36b000 	C:\WINDOWS\SYSTEM32\USERENV.dll
0x00007ff9aed30000 - 0x00007ff9aed56000 	C:\WINDOWS\SYSTEM32\bcrypt.dll
0x00007ff9ae570000 - 0x00007ff9ae57c000 	C:\WINDOWS\SYSTEM32\CRYPTBASE.dll
0x00007ff9ad5e0000 - 0x00007ff9ad613000 	C:\WINDOWS\SYSTEM32\IPHLPAPI.DLL
0x00007ff9afd20000 - 0x00007ff9afd2a000 	C:\WINDOWS\System32\NSI.dll
0x00007ff98e0f0000 - 0x00007ff98e139000 	C:\Users\aswin\AppData\Local\Temp\jna-93125226\jna1382435671711990721.dll
0x00007ff9a7990000 - 0x00007ff9a79af000 	C:\WINDOWS\SYSTEM32\dhcpcsvc6.DLL
0x00007ff9a7960000 - 0x00007ff9a7985000 	C:\WINDOWS\SYSTEM32\dhcpcsvc.DLL
0x00007ff9a8b60000 - 0x00007ff9a8b6e000 	C:\Users\aswin\.vscode\extensions\redhat.java-1.42.0-win32-x64\jre\21.0.7-win32-x86_64\bin\sunmscapi.dll
0x00007ff9aef00000 - 0x00007ff9af077000 	C:\WINDOWS\System32\CRYPT32.dll
0x00007ff9ae770000 - 0x00007ff9ae7a0000 	C:\WINDOWS\SYSTEM32\ncrypt.dll
0x00007ff9ae720000 - 0x00007ff9ae75f000 	C:\WINDOWS\SYSTEM32\NTASN1.dll
0x00007ff9ad6d0000 - 0x00007ff9ad7f7000 	C:\WINDOWS\SYSTEM32\DNSAPI.dll
0x00007ff99c9e0000 - 0x00007ff99c9eb000 	C:\Windows\System32\rasadhlp.dll
0x00007ff9a5240000 - 0x00007ff9a52c6000 	C:\WINDOWS\System32\fwpuclnt.dll
0x00007ff9a8b50000 - 0x00007ff9a8b59000 	C:\Users\aswin\.vscode\extensions\redhat.java-1.42.0-win32-x64\jre\21.0.7-win32-x86_64\bin\extnet.dll

dbghelp: loaded successfully - version: 4.0.5 - missing functions: none
symbol engine: initialized successfully - sym options: 0x614 - pdb path: .;c:\Users\aswin\.vscode\extensions\redhat.java-1.42.0-win32-x64\jre\21.0.7-win32-x86_64\bin;C:\WINDOWS\SYSTEM32;C:\WINDOWS\WinSxS\amd64_microsoft.windows.common-controls_6595b64144ccf1df_6.0.26100.4202_none_3e0698d4e335f517;c:\Users\aswin\.vscode\extensions\redhat.java-1.42.0-win32-x64\jre\21.0.7-win32-x86_64\bin\server;C:\Users\aswin\AppData\Roaming\Code\User\globalStorage\redhat.java\1.42.0\config_win\org.eclipse.equinox.launcher\org.eclipse.equinox.launcher.win32.win32.x86_64_1.2.1300.v20250331-1702;C:\Users\aswin\AppData\Local\Temp\jna-93125226

VM Arguments:
jvm_args: --add-modules=ALL-SYSTEM --add-opens=java.base/java.util=ALL-UNNAMED --add-opens=java.base/java.lang=ALL-UNNAMED --add-opens=java.base/sun.nio.fs=ALL-UNNAMED -Declipse.application=org.eclipse.jdt.ls.core.id1 -Dosgi.bundles.defaultStartLevel=4 -Declipse.product=org.eclipse.jdt.ls.core.product -Djava.import.generatesMetadataFilesAtProjectRoot=false -DDetectVMInstallationsJob.disabled=true -Dfile.encoding=utf8 -XX:+UseParallelGC -XX:GCTimeRatio=4 -XX:AdaptiveSizePolicyWeight=90 -Dsun.zip.disableMemoryMapping=true -Xmx1G -Xms100m -Xlog:disable -javaagent:c:\Users\aswin\.vscode\extensions\redhat.java-1.42.0-win32-x64\lombok\lombok-1.18.36.jar -XX:+HeapDumpOnOutOfMemoryError -XX:HeapDumpPath=c:\Users\aswin\AppData\Roaming\Code\User\workspaceStorage\9275dcea1b62fe78d95fcedbb351aeb5\redhat.java -Daether.dependencyCollector.impl=bf 
java_command: c:\Users\aswin\.vscode\extensions\redhat.java-1.42.0-win32-x64\server\plugins\org.eclipse.equinox.launcher_1.7.0.v20250424-1814.jar -configuration c:\Users\aswin\AppData\Roaming\Code\User\globalStorage\redhat.java\1.42.0\config_win -data c:\Users\aswin\AppData\Roaming\Code\User\workspaceStorage\9275dcea1b62fe78d95fcedbb351aeb5\redhat.java\jdt_ws --pipe=\\.\pipe\lsp-2e6081dd798d29511c9ab1d970eb41ef-sock
java_class_path (initial): c:\Users\aswin\.vscode\extensions\redhat.java-1.42.0-win32-x64\server\plugins\org.eclipse.equinox.launcher_1.7.0.v20250424-1814.jar
Launcher Type: SUN_STANDARD

[Global flags]
    uintx AdaptiveSizePolicyWeight                 = 90                                        {product} {command line}
     intx CICompilerCount                          = 4                                         {product} {ergonomic}
    uintx GCTimeRatio                              = 4                                         {product} {command line}
     bool HeapDumpOnOutOfMemoryError               = true                                   {manageable} {command line}
    ccstr HeapDumpPath                             = c:\Users\aswin\AppData\Roaming\Code\User\workspaceStorage\9275dcea1b62fe78d95fcedbb351aeb5\redhat.java         {manageable} {command line}
   size_t InitialHeapSize                          = 104857600                                 {product} {command line}
   size_t MaxHeapSize                              = 1073741824                                {product} {command line}
   size_t MaxNewSize                               = 357564416                                 {product} {ergonomic}
   size_t MinHeapDeltaBytes                        = 524288                                    {product} {ergonomic}
   size_t MinHeapSize                              = 104857600                                 {product} {command line}
   size_t NewSize                                  = 34603008                                  {product} {ergonomic}
    uintx NonNMethodCodeHeapSize                   = 5839372                                {pd product} {ergonomic}
    uintx NonProfiledCodeHeapSize                  = 122909434                              {pd product} {ergonomic}
   size_t OldSize                                  = 70254592                                  {product} {ergonomic}
    uintx ProfiledCodeHeapSize                     = 122909434                              {pd product} {ergonomic}
    uintx ReservedCodeCacheSize                    = 251658240                              {pd product} {ergonomic}
     bool SegmentedCodeCache                       = true                                      {product} {ergonomic}
   size_t SoftMaxHeapSize                          = 1073741824                             {manageable} {ergonomic}
     bool UseCompressedOops                        = true                           {product lp64_product} {ergonomic}
     bool UseLargePagesIndividualAllocation        = false                                  {pd product} {ergonomic}
     bool UseParallelGC                            = true                                      {product} {command line}

Logging:
Log output configuration:
 #0: stdout all=off uptime,level,tags foldmultilines=false
 #1: stderr all=off uptime,level,tags foldmultilines=false

Environment Variables:
PATH=C:\Program Files\Common Files\Oracle\Java\javapath;C:\Windows\system32;C:\Windows;C:\Windows\System32\Wbem;C:\Windows\System32\WindowsPowerShell\v1.0\;C:\Windows\System32\OpenSSH\;C:\Program Files (x86)\NVIDIA Corporation\PhysX\Common;C:\Program Files\Java\jdk-18.0.2.1\;C:\Program Files\MySQL\MySQL Server 8.0\bin;C:\WINDOWS\system32;C:\WINDOWS;C:\WINDOWS\System32\Wbem;C:\WINDOWS\System32\WindowsPowerShell\v1.0\;C:\WINDOWS\System32\OpenSSH\;C:\Program Files\Git\cmd;C:\Program Files\nodejs\;C:\Program Files\dotnet\;C:\instantclient_23_4;C:\instantclient_21_13;C:\Program Files\NVIDIA Corporation\NVIDIA app\NvDLISR;C:\Program Files\MongoDB\Server\7.0\bin;%MAVEN_HOME%\bin;C:\Strawberry\c\bin;C:\Strawberry\perl\site\bin;C:\Strawberry\perl\bin;C:\Users\aswin\Downloads\apache-maven-3.9.9-bin\apache-maven-3.9.9\bin;C:\Program Files\Java\jdk-21;C:\Users\aswin\AppData\Local\Programs\Python\Python310\Scripts\;C:\Users\aswin\AppData\Local\Programs\Python\Python310\;C:\Program Files\MySQL\MySQL Shell 8.0\bin\;C:\Users\aswin\AppData\Local\Microsoft\WindowsApps;C:\Users\aswin\AppData\Local\Programs\Microsoft VS Code\bin;C:\Users\aswin\AppData\Roaming\npm;C:\Program Files\MongoDB\;
USERNAME=aswin
OS=Windows_NT
PROCESSOR_IDENTIFIER=Intel64 Family 6 Model 165 Stepping 2, GenuineIntel
TMP=C:\Users\aswin\AppData\Local\Temp
TEMP=C:\Users\aswin\AppData\Local\Temp




Periodic native trim disabled

---------------  S Y S T E M  ---------------

OS:
 Windows 11 , 64 bit Build 26100 (10.0.26100.4202)
OS uptime: 0 days 2:03 hours
Hyper-V role detected

CPU: total 8 (initial active 8) (4 cores per cpu, 2 threads per core) family 6 model 165 stepping 2 microcode 0xe0, cx8, cmov, fxsr, ht, mmx, 3dnowpref, sse, sse2, sse3, ssse3, sse4.1, sse4.2, popcnt, lzcnt, tsc, tscinvbit, avx, avx2, erms, clmul, bmi1, bmi2, adx, fma, vzeroupper, clflush, clflushopt, hv, rdtscp, f16c
Processor Information for the first 8 processors :
  Max Mhz: 2496, Current Mhz: 2496, Mhz Limit: 2496

Memory: 4k page, system-wide physical 8029M (735M free)
TotalPageFile size 12125M (AvailPageFile size 3M)
current process WorkingSet (physical memory assigned to process): 240M, peak: 242M
current process commit charge ("private bytes"): 320M, peak: 323M

vm_info: OpenJDK 64-Bit Server VM (21.0.7+6-LTS) for windows-amd64 JRE (21.0.7+6-LTS), built on 2025-04-15T00:00:00Z by "admin" with MS VC++ 17.7 (VS2022)

END.
